<?xml version="1.0" encoding="UTF-8"?>
<testsuite name="com.sskim.eatgo.interfaces.ReservationControllerTests" tests="1" skipped="0" failures="0" errors="0" timestamp="2020-05-20T05:42:19" hostname="aaronkssui-MacBook-Pro.local" time="0.276">
  <properties/>
  <testcase name="list" classname="com.sskim.eatgo.interfaces.ReservationControllerTests" time="0.276"/>
  <system-out><![CDATA[14:42:17.320 [Test worker] DEBUG org.springframework.test.annotation.ProfileValueUtils - Retrieved @ProfileValueSourceConfiguration [null] for test class [com.sskim.eatgo.interfaces.ReservationControllerTests]
14:42:17.320 [Test worker] DEBUG org.springframework.test.annotation.ProfileValueUtils - Retrieved ProfileValueSource type [class org.springframework.test.annotation.SystemProfileValueSource] for class [com.sskim.eatgo.interfaces.ReservationControllerTests]
14:42:17.321 [Test worker] DEBUG org.springframework.test.annotation.ProfileValueUtils - Retrieved @ProfileValueSourceConfiguration [null] for test class [com.sskim.eatgo.interfaces.ReservationControllerTests]
14:42:17.321 [Test worker] DEBUG org.springframework.test.annotation.ProfileValueUtils - Retrieved ProfileValueSource type [class org.springframework.test.annotation.SystemProfileValueSource] for class [com.sskim.eatgo.interfaces.ReservationControllerTests]
14:42:17.326 [Test worker] DEBUG org.springframework.test.context.support.AbstractDirtiesContextTestExecutionListener - Before test class: context [DefaultTestContext@52af132f testClass = ReservationControllerTests, testInstance = [null], testMethod = [null], testException = [null], mergedContextConfiguration = [WebMergedContextConfiguration@44390dd5 testClass = ReservationControllerTests, locations = '{}', classes = '{class com.sskim.eatgo.EatgoRestaurantApplication}', contextInitializerClasses = '[]', activeProfiles = '{}', propertySourceLocations = '{}', propertySourceProperties = '{org.springframework.boot.test.autoconfigure.web.servlet.WebMvcTestContextBootstrapper=true}', contextCustomizers = set[org.springframework.boot.test.autoconfigure.OverrideAutoConfigurationContextCustomizerFactory$DisableAutoConfigurationContextCustomizer@a7e0330, org.springframework.boot.test.autoconfigure.filter.TypeExcludeFiltersContextCustomizer@40b9545d, org.springframework.boot.test.autoconfigure.properties.PropertyMappingContextCustomizer@ddf18457, org.springframework.boot.test.autoconfigure.web.servlet.WebDriverContextCustomizerFactory$Customizer@39aac1fc, [ImportsContextCustomizer@6d8d9a07 key = [org.springframework.boot.autoconfigure.cache.CacheAutoConfiguration, org.springframework.boot.autoconfigure.context.MessageSourceAutoConfiguration, org.springframework.boot.autoconfigure.data.web.SpringDataWebAutoConfiguration, org.springframework.boot.autoconfigure.freemarker.FreeMarkerAutoConfiguration, org.springframework.boot.autoconfigure.groovy.template.GroovyTemplateAutoConfiguration, org.springframework.boot.autoconfigure.gson.GsonAutoConfiguration, org.springframework.boot.autoconfigure.hateoas.HypermediaAutoConfiguration, org.springframework.boot.autoconfigure.http.HttpMessageConvertersAutoConfiguration, org.springframework.boot.autoconfigure.jackson.JacksonAutoConfiguration, org.springframework.boot.autoconfigure.jsonb.JsonbAutoConfiguration, org.springframework.boot.autoconfigure.mustache.MustacheAutoConfiguration, org.springframework.boot.autoconfigure.task.TaskExecutionAutoConfiguration, org.springframework.boot.autoconfigure.thymeleaf.ThymeleafAutoConfiguration, org.springframework.boot.autoconfigure.validation.ValidationAutoConfiguration, org.springframework.boot.autoconfigure.web.servlet.error.ErrorMvcAutoConfiguration, org.springframework.boot.autoconfigure.web.servlet.WebMvcAutoConfiguration, org.springframework.boot.test.autoconfigure.web.servlet.MockMvcAutoConfiguration, org.springframework.boot.test.autoconfigure.web.servlet.MockMvcWebClientAutoConfiguration, org.springframework.boot.test.autoconfigure.web.servlet.MockMvcWebDriverAutoConfiguration, org.springframework.boot.autoconfigure.security.servlet.SecurityAutoConfiguration, org.springframework.boot.autoconfigure.security.servlet.UserDetailsServiceAutoConfiguration, org.springframework.boot.test.autoconfigure.web.servlet.MockMvcSecurityConfiguration]], org.springframework.boot.test.context.filter.ExcludeFilterContextCustomizer@61e996b9, org.springframework.boot.test.json.DuplicateJsonObjectContextCustomizerFactory$DuplicateJsonObjectContextCustomizer@75b3a67, org.springframework.boot.test.mock.mockito.MockitoContextCustomizer@74eec7a4], resourceBasePath = 'src/main/webapp', contextLoader = 'org.springframework.boot.test.context.SpringBootContextLoader', parent = [null]], attributes = map[[empty]]], class annotated with @DirtiesContext [false] with mode [null].
14:42:17.328 [Test worker] DEBUG org.springframework.test.annotation.ProfileValueUtils - Retrieved @ProfileValueSourceConfiguration [null] for test class [com.sskim.eatgo.interfaces.ReservationControllerTests]
14:42:17.328 [Test worker] DEBUG org.springframework.test.annotation.ProfileValueUtils - Retrieved ProfileValueSource type [class org.springframework.test.annotation.SystemProfileValueSource] for class [com.sskim.eatgo.interfaces.ReservationControllerTests]
14:42:17.452 [Test worker] DEBUG org.springframework.test.context.support.TestPropertySourceUtils - Adding inlined properties to environment: {spring.jmx.enabled=false, org.springframework.boot.test.autoconfigure.web.servlet.WebMvcTestContextBootstrapper=true, server.port=-1}

  .   ____          _            __ _ _
 /\\ / ___'_ __ _ _(_)_ __  __ _ \ \ \ \
( ( )\___ | '_ | '_| | '_ \/ _` | \ \ \ \
 \\/  ___)| |_)| | | | | || (_| |  ) ) ) )
  '  |____| .__|_| |_|_| |_\__, | / / / /
 =========|_|==============|___/=/_/_/_/
 :: Spring Boot ::        (v2.2.6.RELEASE)

2020-05-20 14:42:17.804  INFO 33211 --- [    Test worker] c.s.e.i.ReservationControllerTests       : Starting ReservationControllerTests on aaronkssui-MacBook-Pro.local with PID 33211 (started by aaron.kss in /Users/aaron.kss/dev/spring-demo-projects/eatgo/eatgo-restaurant-api)
2020-05-20 14:42:17.806  INFO 33211 --- [    Test worker] c.s.e.i.ReservationControllerTests       : The following profiles are active: test
2020-05-20 14:42:18.779  INFO 33211 --- [    Test worker] .s.s.UserDetailsServiceAutoConfiguration : 

Using generated security password: 6ac4cd0a-90cf-449e-86ab-ebc3c1fefb67

2020-05-20 14:42:18.928  INFO 33211 --- [    Test worker] o.s.s.web.DefaultSecurityFilterChain     : Creating filter chain: any request, [org.springframework.security.web.context.request.async.WebAsyncManagerIntegrationFilter@19782fdd, org.springframework.security.web.context.SecurityContextPersistenceFilter@6f2822b8, org.springframework.security.web.header.HeaderWriterFilter@f464cef, org.springframework.security.web.authentication.logout.LogoutFilter@6c9585d1, com.sskim.eatgo.filters.JwtAuthenticationFilter@573ffcba, org.springframework.security.web.savedrequest.RequestCacheAwareFilter@17f099cd, org.springframework.security.web.servletapi.SecurityContextHolderAwareRequestFilter@150d66c7, org.springframework.security.web.authentication.AnonymousAuthenticationFilter@3e628369, org.springframework.security.web.session.SessionManagementFilter@d6c53fe, org.springframework.security.web.access.ExceptionTranslationFilter@69792cab]
2020-05-20 14:42:19.289  INFO 33211 --- [    Test worker] o.s.s.concurrent.ThreadPoolTaskExecutor  : Initializing ExecutorService 'applicationTaskExecutor'
2020-05-20 14:42:19.767  INFO 33211 --- [    Test worker] o.s.b.t.m.w.SpringBootMockServletContext : Initializing Spring TestDispatcherServlet ''
2020-05-20 14:42:19.767  INFO 33211 --- [    Test worker] o.s.t.web.servlet.TestDispatcherServlet  : Initializing Servlet ''
2020-05-20 14:42:19.785  INFO 33211 --- [    Test worker] o.s.t.web.servlet.TestDispatcherServlet  : Completed initialization in 16 ms
2020-05-20 14:42:19.823  INFO 33211 --- [    Test worker] c.s.e.i.ReservationControllerTests       : Started ReservationControllerTests in 2.36 seconds (JVM running for 3.943)
]]></system-out>
  <system-err><![CDATA[]]></system-err>
</testsuite>
