<?xml version="1.0" encoding="UTF-8"?>
<testsuite name="com.sskim.eatgo.utils.JwtUtilTests" tests="2" skipped="0" failures="0" errors="0" timestamp="2020-05-20T05:41:55" hostname="aaronkssui-MacBook-Pro.local" time="0.256">
  <properties/>
  <testcase name="createToken" classname="com.sskim.eatgo.utils.JwtUtilTests" time="0.211"/>
  <testcase name="getClaims" classname="com.sskim.eatgo.utils.JwtUtilTests" time="0.045"/>
  <system-out><![CDATA[]]></system-out>
  <system-err><![CDATA[]]></system-err>
</testsuite>
