<?xml version="1.0" encoding="UTF-8"?>
<testsuite name="com.sskim.eatgo.utils.JwtUtilTests" tests="1" skipped="0" failures="0" errors="0" timestamp="2020-05-19T06:01:04" hostname="aaronkssui-MacBook-Pro.local" time="0.283">
  <properties/>
  <testcase name="createToken" classname="com.sskim.eatgo.utils.JwtUtilTests" time="0.283"/>
  <system-out><![CDATA[]]></system-out>
  <system-err><![CDATA[]]></system-err>
</testsuite>
