<?xml version="1.0" encoding="UTF-8"?>
<testsuite name="com.sskim.eatgo.domain.UserTests" tests="1" skipped="0" failures="0" errors="0" timestamp="2020-05-20T00:38:06" hostname="aaronkssui-MacBook-Pro.local" time="0.001">
  <properties/>
  <testcase name="creation" classname="com.sskim.eatgo.domain.UserTests" time="0.001"/>
  <system-out><![CDATA[]]></system-out>
  <system-err><![CDATA[]]></system-err>
</testsuite>
