<?xml version="1.0" encoding="UTF-8"?>
<testsuite name="com.sskim.eatgo.interfaces.SessionControllerTests" tests="4" skipped="0" failures="0" errors="0" timestamp="2020-05-20T01:44:45" hostname="aaronkssui-MacBook-Pro.local" time="0.243">
  <properties/>
  <testcase name="createWithValidAttributes" classname="com.sskim.eatgo.interfaces.SessionControllerTests" time="0.218"/>
  <testcase name="createRestaurantOwner" classname="com.sskim.eatgo.interfaces.SessionControllerTests" time="0.005"/>
  <testcase name="createWithNotExistedEmail" classname="com.sskim.eatgo.interfaces.SessionControllerTests" time="0.011"/>
  <testcase name="createWithWrongPassword" classname="com.sskim.eatgo.interfaces.SessionControllerTests" time="0.006"/>
  <system-out><![CDATA[10:44:43.591 [Test worker] DEBUG org.springframework.test.annotation.ProfileValueUtils - Retrieved @ProfileValueSourceConfiguration [null] for test class [com.sskim.eatgo.interfaces.SessionControllerTests]
10:44:43.591 [Test worker] DEBUG org.springframework.test.annotation.ProfileValueUtils - Retrieved ProfileValueSource type [class org.springframework.test.annotation.SystemProfileValueSource] for class [com.sskim.eatgo.interfaces.SessionControllerTests]
10:44:43.591 [Test worker] DEBUG org.springframework.test.annotation.ProfileValueUtils - Retrieved @ProfileValueSourceConfiguration [null] for test class [com.sskim.eatgo.interfaces.SessionControllerTests]
10:44:43.592 [Test worker] DEBUG org.springframework.test.annotation.ProfileValueUtils - Retrieved ProfileValueSource type [class org.springframework.test.annotation.SystemProfileValueSource] for class [com.sskim.eatgo.interfaces.SessionControllerTests]
10:44:43.595 [Test worker] DEBUG org.springframework.test.context.support.AbstractDirtiesContextTestExecutionListener - Before test class: context [DefaultTestContext@5afb56bd testClass = SessionControllerTests, testInstance = [null], testMethod = [null], testException = [null], mergedContextConfiguration = [WebMergedContextConfiguration@e8ee71 testClass = SessionControllerTests, locations = '{}', classes = '{class com.sskim.eatgo.EatgoLoginApplication}', contextInitializerClasses = '[]', activeProfiles = '{}', propertySourceLocations = '{}', propertySourceProperties = '{org.springframework.boot.test.autoconfigure.web.servlet.WebMvcTestContextBootstrapper=true}', contextCustomizers = set[org.springframework.boot.test.autoconfigure.OverrideAutoConfigurationContextCustomizerFactory$DisableAutoConfigurationContextCustomizer@14580904, org.springframework.boot.test.autoconfigure.filter.TypeExcludeFiltersContextCustomizer@c2b5ba03, org.springframework.boot.test.autoconfigure.properties.PropertyMappingContextCustomizer@445f8ad0, org.springframework.boot.test.autoconfigure.web.servlet.WebDriverContextCustomizerFactory$Customizer@17ff036f, [ImportsContextCustomizer@104b8d3f key = [org.springframework.boot.autoconfigure.cache.CacheAutoConfiguration, org.springframework.boot.autoconfigure.context.MessageSourceAutoConfiguration, org.springframework.boot.autoconfigure.data.web.SpringDataWebAutoConfiguration, org.springframework.boot.autoconfigure.freemarker.FreeMarkerAutoConfiguration, org.springframework.boot.autoconfigure.groovy.template.GroovyTemplateAutoConfiguration, org.springframework.boot.autoconfigure.gson.GsonAutoConfiguration, org.springframework.boot.autoconfigure.hateoas.HypermediaAutoConfiguration, org.springframework.boot.autoconfigure.http.HttpMessageConvertersAutoConfiguration, org.springframework.boot.autoconfigure.jackson.JacksonAutoConfiguration, org.springframework.boot.autoconfigure.jsonb.JsonbAutoConfiguration, org.springframework.boot.autoconfigure.mustache.MustacheAutoConfiguration, org.springframework.boot.autoconfigure.task.TaskExecutionAutoConfiguration, org.springframework.boot.autoconfigure.thymeleaf.ThymeleafAutoConfiguration, org.springframework.boot.autoconfigure.validation.ValidationAutoConfiguration, org.springframework.boot.autoconfigure.web.servlet.error.ErrorMvcAutoConfiguration, org.springframework.boot.autoconfigure.web.servlet.WebMvcAutoConfiguration, org.springframework.boot.test.autoconfigure.web.servlet.MockMvcAutoConfiguration, org.springframework.boot.test.autoconfigure.web.servlet.MockMvcWebClientAutoConfiguration, org.springframework.boot.test.autoconfigure.web.servlet.MockMvcWebDriverAutoConfiguration, org.springframework.boot.autoconfigure.security.servlet.SecurityAutoConfiguration, org.springframework.boot.autoconfigure.security.servlet.UserDetailsServiceAutoConfiguration, org.springframework.boot.test.autoconfigure.web.servlet.MockMvcSecurityConfiguration]], org.springframework.boot.test.context.filter.ExcludeFilterContextCustomizer@371795bc, org.springframework.boot.test.json.DuplicateJsonObjectContextCustomizerFactory$DuplicateJsonObjectContextCustomizer@48819a91, org.springframework.boot.test.mock.mockito.MockitoContextCustomizer@76428790], resourceBasePath = 'src/main/webapp', contextLoader = 'org.springframework.boot.test.context.SpringBootContextLoader', parent = [null]], attributes = map[[empty]]], class annotated with @DirtiesContext [false] with mode [null].
10:44:43.597 [Test worker] DEBUG org.springframework.test.annotation.ProfileValueUtils - Retrieved @ProfileValueSourceConfiguration [null] for test class [com.sskim.eatgo.interfaces.SessionControllerTests]
10:44:43.597 [Test worker] DEBUG org.springframework.test.annotation.ProfileValueUtils - Retrieved ProfileValueSource type [class org.springframework.test.annotation.SystemProfileValueSource] for class [com.sskim.eatgo.interfaces.SessionControllerTests]
10:44:43.694 [Test worker] DEBUG org.springframework.test.context.support.TestPropertySourceUtils - Adding inlined properties to environment: {spring.jmx.enabled=false, org.springframework.boot.test.autoconfigure.web.servlet.WebMvcTestContextBootstrapper=true, server.port=-1}

  .   ____          _            __ _ _
 /\\ / ___'_ __ _ _(_)_ __  __ _ \ \ \ \
( ( )\___ | '_ | '_| | '_ \/ _` | \ \ \ \
 \\/  ___)| |_)| | | | | || (_| |  ) ) ) )
  '  |____| .__|_| |_|_| |_\__, | / / / /
 =========|_|==============|___/=/_/_/_/
 :: Spring Boot ::        (v2.2.6.RELEASE)

2020-05-20 10:44:43.997  INFO 15485 --- [    Test worker] c.s.e.interfaces.SessionControllerTests  : Starting SessionControllerTests on aaronkssui-MacBook-Pro.local with PID 15485 (started by aaron.kss in /Users/aaron.kss/dev/spring-demo-projects/eatgo/eatgo-login-api)
2020-05-20 10:44:43.999  INFO 15485 --- [    Test worker] c.s.e.interfaces.SessionControllerTests  : No active profile set, falling back to default profiles: default
2020-05-20 10:44:45.223  INFO 15485 --- [    Test worker] .s.s.UserDetailsServiceAutoConfiguration : 

Using generated security password: a60831d6-68ce-42fa-a980-182ec968564f

2020-05-20 10:44:45.330  INFO 15485 --- [    Test worker] o.s.s.web.DefaultSecurityFilterChain     : Creating filter chain: any request, [org.springframework.security.web.context.request.async.WebAsyncManagerIntegrationFilter@617908ff, org.springframework.security.web.context.SecurityContextPersistenceFilter@47f44371, org.springframework.security.web.header.HeaderWriterFilter@4201bfdd, org.springframework.security.web.authentication.logout.LogoutFilter@48053e6e, org.springframework.security.web.savedrequest.RequestCacheAwareFilter@15ebdd83, org.springframework.security.web.servletapi.SecurityContextHolderAwareRequestFilter@af8228b, org.springframework.security.web.authentication.AnonymousAuthenticationFilter@6ad2634c, org.springframework.security.web.session.SessionManagementFilter@23f0ceab, org.springframework.security.web.access.ExceptionTranslationFilter@77a509fe]
2020-05-20 10:44:45.562  INFO 15485 --- [    Test worker] o.s.s.concurrent.ThreadPoolTaskExecutor  : Initializing ExecutorService 'applicationTaskExecutor'
2020-05-20 10:44:45.790  INFO 15485 --- [    Test worker] o.s.b.t.m.w.SpringBootMockServletContext : Initializing Spring TestDispatcherServlet ''
2020-05-20 10:44:45.790  INFO 15485 --- [    Test worker] o.s.t.web.servlet.TestDispatcherServlet  : Initializing Servlet ''
2020-05-20 10:44:45.802  INFO 15485 --- [    Test worker] o.s.t.web.servlet.TestDispatcherServlet  : Completed initialization in 12 ms
2020-05-20 10:44:45.830  INFO 15485 --- [    Test worker] c.s.e.interfaces.SessionControllerTests  : Started SessionControllerTests in 2.127 seconds (JVM running for 3.143)
]]></system-out>
  <system-err><![CDATA[]]></system-err>
</testsuite>
