<?xml version="1.0" encoding="UTF-8"?>
<testsuite name="com.sskim.eatgo.interfaces.SessionControllerTests" tests="4" skipped="0" failures="0" errors="0" timestamp="2020-05-20T05:42:11" hostname="aaronkssui-MacBook-Pro.local" time="0.201">
  <properties/>
  <testcase name="createWithValidAttributes" classname="com.sskim.eatgo.interfaces.SessionControllerTests" time="0.177"/>
  <testcase name="createRestaurantOwner" classname="com.sskim.eatgo.interfaces.SessionControllerTests" time="0.007"/>
  <testcase name="createWithNotExistedEmail" classname="com.sskim.eatgo.interfaces.SessionControllerTests" time="0.008"/>
  <testcase name="createWithWrongPassword" classname="com.sskim.eatgo.interfaces.SessionControllerTests" time="0.005"/>
  <system-out><![CDATA[14:42:08.894 [Test worker] DEBUG org.springframework.test.annotation.ProfileValueUtils - Retrieved @ProfileValueSourceConfiguration [null] for test class [com.sskim.eatgo.interfaces.SessionControllerTests]
14:42:08.895 [Test worker] DEBUG org.springframework.test.annotation.ProfileValueUtils - Retrieved ProfileValueSource type [class org.springframework.test.annotation.SystemProfileValueSource] for class [com.sskim.eatgo.interfaces.SessionControllerTests]
14:42:08.895 [Test worker] DEBUG org.springframework.test.annotation.ProfileValueUtils - Retrieved @ProfileValueSourceConfiguration [null] for test class [com.sskim.eatgo.interfaces.SessionControllerTests]
14:42:08.895 [Test worker] DEBUG org.springframework.test.annotation.ProfileValueUtils - Retrieved ProfileValueSource type [class org.springframework.test.annotation.SystemProfileValueSource] for class [com.sskim.eatgo.interfaces.SessionControllerTests]
14:42:08.898 [Test worker] DEBUG org.springframework.test.context.support.AbstractDirtiesContextTestExecutionListener - Before test class: context [DefaultTestContext@2b25eb16 testClass = SessionControllerTests, testInstance = [null], testMethod = [null], testException = [null], mergedContextConfiguration = [WebMergedContextConfiguration@3235efc6 testClass = SessionControllerTests, locations = '{}', classes = '{class com.sskim.eatgo.EatgoLoginApplication}', contextInitializerClasses = '[]', activeProfiles = '{}', propertySourceLocations = '{}', propertySourceProperties = '{org.springframework.boot.test.autoconfigure.web.servlet.WebMvcTestContextBootstrapper=true}', contextCustomizers = set[org.springframework.boot.test.autoconfigure.OverrideAutoConfigurationContextCustomizerFactory$DisableAutoConfigurationContextCustomizer@2a7a5b30, org.springframework.boot.test.autoconfigure.filter.TypeExcludeFiltersContextCustomizer@95b3fc4d, org.springframework.boot.test.autoconfigure.properties.PropertyMappingContextCustomizer@2a891480, org.springframework.boot.test.autoconfigure.web.servlet.WebDriverContextCustomizerFactory$Customizer@207a6a81, [ImportsContextCustomizer@58ceee65 key = [org.springframework.boot.autoconfigure.cache.CacheAutoConfiguration, org.springframework.boot.autoconfigure.context.MessageSourceAutoConfiguration, org.springframework.boot.autoconfigure.data.web.SpringDataWebAutoConfiguration, org.springframework.boot.autoconfigure.freemarker.FreeMarkerAutoConfiguration, org.springframework.boot.autoconfigure.groovy.template.GroovyTemplateAutoConfiguration, org.springframework.boot.autoconfigure.gson.GsonAutoConfiguration, org.springframework.boot.autoconfigure.hateoas.HypermediaAutoConfiguration, org.springframework.boot.autoconfigure.http.HttpMessageConvertersAutoConfiguration, org.springframework.boot.autoconfigure.jackson.JacksonAutoConfiguration, org.springframework.boot.autoconfigure.jsonb.JsonbAutoConfiguration, org.springframework.boot.autoconfigure.mustache.MustacheAutoConfiguration, org.springframework.boot.autoconfigure.task.TaskExecutionAutoConfiguration, org.springframework.boot.autoconfigure.thymeleaf.ThymeleafAutoConfiguration, org.springframework.boot.autoconfigure.validation.ValidationAutoConfiguration, org.springframework.boot.autoconfigure.web.servlet.error.ErrorMvcAutoConfiguration, org.springframework.boot.autoconfigure.web.servlet.WebMvcAutoConfiguration, org.springframework.boot.test.autoconfigure.web.servlet.MockMvcAutoConfiguration, org.springframework.boot.test.autoconfigure.web.servlet.MockMvcWebClientAutoConfiguration, org.springframework.boot.test.autoconfigure.web.servlet.MockMvcWebDriverAutoConfiguration, org.springframework.boot.autoconfigure.security.servlet.SecurityAutoConfiguration, org.springframework.boot.autoconfigure.security.servlet.UserDetailsServiceAutoConfiguration, org.springframework.boot.test.autoconfigure.web.servlet.MockMvcSecurityConfiguration]], org.springframework.boot.test.context.filter.ExcludeFilterContextCustomizer@5cfe8709, org.springframework.boot.test.json.DuplicateJsonObjectContextCustomizerFactory$DuplicateJsonObjectContextCustomizer@4907965f, org.springframework.boot.test.mock.mockito.MockitoContextCustomizer@4713b8a0], resourceBasePath = 'src/main/webapp', contextLoader = 'org.springframework.boot.test.context.SpringBootContextLoader', parent = [null]], attributes = map[[empty]]], class annotated with @DirtiesContext [false] with mode [null].
14:42:08.899 [Test worker] DEBUG org.springframework.test.annotation.ProfileValueUtils - Retrieved @ProfileValueSourceConfiguration [null] for test class [com.sskim.eatgo.interfaces.SessionControllerTests]
14:42:08.899 [Test worker] DEBUG org.springframework.test.annotation.ProfileValueUtils - Retrieved ProfileValueSource type [class org.springframework.test.annotation.SystemProfileValueSource] for class [com.sskim.eatgo.interfaces.SessionControllerTests]
14:42:09.009 [Test worker] DEBUG org.springframework.test.context.support.TestPropertySourceUtils - Adding inlined properties to environment: {spring.jmx.enabled=false, org.springframework.boot.test.autoconfigure.web.servlet.WebMvcTestContextBootstrapper=true, server.port=-1}

  .   ____          _            __ _ _
 /\\ / ___'_ __ _ _(_)_ __  __ _ \ \ \ \
( ( )\___ | '_ | '_| | '_ \/ _` | \ \ \ \
 \\/  ___)| |_)| | | | | || (_| |  ) ) ) )
  '  |____| .__|_| |_|_| |_\__, | / / / /
 =========|_|==============|___/=/_/_/_/
 :: Spring Boot ::        (v2.2.6.RELEASE)

2020-05-20 14:42:09.302  INFO 33200 --- [    Test worker] c.s.e.interfaces.SessionControllerTests  : Starting SessionControllerTests on aaronkssui-MacBook-Pro.local with PID 33200 (started by aaron.kss in /Users/aaron.kss/dev/spring-demo-projects/eatgo/eatgo-login-api)
2020-05-20 14:42:09.303  INFO 33200 --- [    Test worker] c.s.e.interfaces.SessionControllerTests  : The following profiles are active: test
2020-05-20 14:42:10.357  INFO 33200 --- [    Test worker] .s.s.UserDetailsServiceAutoConfiguration : 

Using generated security password: 7ec11513-b6e8-4279-b132-e122832b2035

2020-05-20 14:42:10.500  INFO 33200 --- [    Test worker] o.s.s.web.DefaultSecurityFilterChain     : Creating filter chain: any request, [org.springframework.security.web.context.request.async.WebAsyncManagerIntegrationFilter@69c4a532, org.springframework.security.web.context.SecurityContextPersistenceFilter@2b734715, org.springframework.security.web.header.HeaderWriterFilter@100ec919, org.springframework.security.web.authentication.logout.LogoutFilter@13911a64, org.springframework.security.web.savedrequest.RequestCacheAwareFilter@38dff905, org.springframework.security.web.servletapi.SecurityContextHolderAwareRequestFilter@10093da1, org.springframework.security.web.authentication.AnonymousAuthenticationFilter@4b9451b2, org.springframework.security.web.session.SessionManagementFilter@2db5f84c, org.springframework.security.web.access.ExceptionTranslationFilter@11200012]
2020-05-20 14:42:10.807  INFO 33200 --- [    Test worker] o.s.s.concurrent.ThreadPoolTaskExecutor  : Initializing ExecutorService 'applicationTaskExecutor'
2020-05-20 14:42:11.056  INFO 33200 --- [    Test worker] o.s.b.t.m.w.SpringBootMockServletContext : Initializing Spring TestDispatcherServlet ''
2020-05-20 14:42:11.056  INFO 33200 --- [    Test worker] o.s.t.web.servlet.TestDispatcherServlet  : Initializing Servlet ''
2020-05-20 14:42:11.069  INFO 33200 --- [    Test worker] o.s.t.web.servlet.TestDispatcherServlet  : Completed initialization in 13 ms
2020-05-20 14:42:11.099  INFO 33200 --- [    Test worker] c.s.e.interfaces.SessionControllerTests  : Started SessionControllerTests in 2.082 seconds (JVM running for 3.542)
]]></system-out>
  <system-err><![CDATA[]]></system-err>
</testsuite>
