<?xml version="1.0" encoding="UTF-8"?>
<testsuite name="com.sskim.eatgo.EatgoLoginApplicationTests" tests="1" skipped="0" failures="0" errors="0" timestamp="2020-05-20T05:42:14" hostname="aaronkssui-MacBook-Pro.local" time="0.013">
  <properties/>
  <testcase name="contextLoads()" classname="com.sskim.eatgo.EatgoLoginApplicationTests" time="0.013"/>
  <system-out><![CDATA[2020-05-20 14:42:11.356  INFO 33200 --- [    Test worker] .b.t.c.SpringBootTestContextBootstrapper : Neither @ContextConfiguration nor @ContextHierarchy found for test class [com.sskim.eatgo.EatgoLoginApplicationTests], using SpringBootContextLoader
2020-05-20 14:42:11.357  INFO 33200 --- [    Test worker] o.s.t.c.support.AbstractContextLoader    : Could not detect default resource locations for test class [com.sskim.eatgo.EatgoLoginApplicationTests]: no resource found for suffixes {-context.xml, Context.groovy}.
2020-05-20 14:42:11.357  INFO 33200 --- [    Test worker] t.c.s.AnnotationConfigContextLoaderUtils : Could not detect default configuration classes for test class [com.sskim.eatgo.EatgoLoginApplicationTests]: EatgoLoginApplicationTests does not declare any static, non-private, non-final, nested classes annotated with @Configuration.
2020-05-20 14:42:11.363  INFO 33200 --- [    Test worker] .b.t.c.SpringBootTestContextBootstrapper : Found @SpringBootConfiguration com.sskim.eatgo.EatgoLoginApplication for test class com.sskim.eatgo.EatgoLoginApplicationTests
2020-05-20 14:42:11.365  INFO 33200 --- [    Test worker] .b.t.c.SpringBootTestContextBootstrapper : Loaded default TestExecutionListener class names from location [META-INF/spring.factories]: [org.springframework.boot.test.autoconfigure.restdocs.RestDocsTestExecutionListener, org.springframework.boot.test.autoconfigure.web.client.MockRestServiceServerResetTestExecutionListener, org.springframework.boot.test.autoconfigure.web.servlet.MockMvcPrintOnlyOnFailureTestExecutionListener, org.springframework.boot.test.autoconfigure.web.servlet.WebDriverTestExecutionListener, org.springframework.boot.test.mock.mockito.MockitoTestExecutionListener, org.springframework.boot.test.mock.mockito.ResetMocksTestExecutionListener, org.springframework.test.context.web.ServletTestExecutionListener, org.springframework.test.context.support.DirtiesContextBeforeModesTestExecutionListener, org.springframework.test.context.support.DependencyInjectionTestExecutionListener, org.springframework.test.context.support.DirtiesContextTestExecutionListener, org.springframework.test.context.transaction.TransactionalTestExecutionListener, org.springframework.test.context.jdbc.SqlScriptsTestExecutionListener, org.springframework.test.context.event.EventPublishingTestExecutionListener]
2020-05-20 14:42:11.365  INFO 33200 --- [    Test worker] .b.t.c.SpringBootTestContextBootstrapper : Using TestExecutionListeners: [org.springframework.test.context.web.ServletTestExecutionListener@4e7fd99c, org.springframework.test.context.support.DirtiesContextBeforeModesTestExecutionListener@5ea9e41e, org.springframework.boot.test.mock.mockito.MockitoTestExecutionListener@65c4a951, org.springframework.boot.test.autoconfigure.SpringBootDependencyInjectionTestExecutionListener@15b258f1, org.springframework.test.context.support.DirtiesContextTestExecutionListener@25b1c0e2, org.springframework.test.context.transaction.TransactionalTestExecutionListener@3429595e, org.springframework.test.context.jdbc.SqlScriptsTestExecutionListener@7467f0ab, org.springframework.test.context.event.EventPublishingTestExecutionListener@73154b06, org.springframework.boot.test.autoconfigure.restdocs.RestDocsTestExecutionListener@58083356, org.springframework.boot.test.autoconfigure.web.client.MockRestServiceServerResetTestExecutionListener@269572a0, org.springframework.boot.test.autoconfigure.web.servlet.MockMvcPrintOnlyOnFailureTestExecutionListener@6dbc3c71, org.springframework.boot.test.autoconfigure.web.servlet.WebDriverTestExecutionListener@34a817bb, org.springframework.boot.test.mock.mockito.ResetMocksTestExecutionListener@2d2310fb]

  .   ____          _            __ _ _
 /\\ / ___'_ __ _ _(_)_ __  __ _ \ \ \ \
( ( )\___ | '_ | '_| | '_ \/ _` | \ \ \ \
 \\/  ___)| |_)| | | | | || (_| |  ) ) ) )
  '  |____| .__|_| |_|_| |_\__, | / / / /
 =========|_|==============|___/=/_/_/_/
 :: Spring Boot ::        (v2.2.6.RELEASE)

2020-05-20 14:42:11.394  INFO 33200 --- [    Test worker] c.s.eatgo.EatgoLoginApplicationTests     : Starting EatgoLoginApplicationTests on aaronkssui-MacBook-Pro.local with PID 33200 (started by aaron.kss in /Users/aaron.kss/dev/spring-demo-projects/eatgo/eatgo-login-api)
2020-05-20 14:42:11.394  INFO 33200 --- [    Test worker] c.s.eatgo.EatgoLoginApplicationTests     : The following profiles are active: test
2020-05-20 14:42:11.625  INFO 33200 --- [    Test worker] .s.d.r.c.RepositoryConfigurationDelegate : Bootstrapping Spring Data JPA repositories in DEFAULT mode.
2020-05-20 14:42:11.712  INFO 33200 --- [    Test worker] .s.d.r.c.RepositoryConfigurationDelegate : Finished Spring Data repository scanning in 74ms. Found 7 JPA repository interfaces.
2020-05-20 14:42:12.139  INFO 33200 --- [    Test worker] o.hibernate.jpa.internal.util.LogHelper  : HHH000204: Processing PersistenceUnitInfo [name: default]
2020-05-20 14:42:12.210  INFO 33200 --- [    Test worker] org.hibernate.Version                    : HHH000412: Hibernate ORM core version 5.4.12.Final
2020-05-20 14:42:12.252  INFO 33200 --- [    Test worker] o.hibernate.annotations.common.Version   : HCANN000001: Hibernate Commons Annotations {5.1.0.Final}
2020-05-20 14:42:12.357  INFO 33200 --- [    Test worker] com.zaxxer.hikari.HikariDataSource       : HikariPool-1 - Starting...
2020-05-20 14:42:12.545  INFO 33200 --- [    Test worker] com.zaxxer.hikari.HikariDataSource       : HikariPool-1 - Start completed.
2020-05-20 14:42:12.569  INFO 33200 --- [    Test worker] org.hibernate.dialect.Dialect            : HHH000400: Using dialect: org.hibernate.dialect.H2Dialect
2020-05-20 14:42:13.438  INFO 33200 --- [    Test worker] o.h.e.t.j.p.i.JtaPlatformInitiator       : HHH000490: Using JtaPlatform implementation: [org.hibernate.engine.transaction.jta.platform.internal.NoJtaPlatform]
2020-05-20 14:42:13.449  INFO 33200 --- [    Test worker] j.LocalContainerEntityManagerFactoryBean : Initialized JPA EntityManagerFactory for persistence unit 'default'
2020-05-20 14:42:13.987  INFO 33200 --- [    Test worker] .s.s.UserDetailsServiceAutoConfiguration : 

Using generated security password: 02804ea1-12e3-42a8-afad-8d4875b94766

2020-05-20 14:42:14.054  INFO 33200 --- [    Test worker] o.s.s.web.DefaultSecurityFilterChain     : Creating filter chain: any request, [org.springframework.security.web.context.request.async.WebAsyncManagerIntegrationFilter@5bf01be5, org.springframework.security.web.context.SecurityContextPersistenceFilter@59d27510, org.springframework.security.web.header.HeaderWriterFilter@b75649f, org.springframework.security.web.authentication.logout.LogoutFilter@280fbd42, org.springframework.security.web.savedrequest.RequestCacheAwareFilter@70b06789, org.springframework.security.web.servletapi.SecurityContextHolderAwareRequestFilter@50c1b49c, org.springframework.security.web.authentication.AnonymousAuthenticationFilter@6482153, org.springframework.security.web.session.SessionManagementFilter@7a290cb8, org.springframework.security.web.access.ExceptionTranslationFilter@6b185a71]
2020-05-20 14:42:14.457  INFO 33200 --- [    Test worker] o.s.s.concurrent.ThreadPoolTaskExecutor  : Initializing ExecutorService 'applicationTaskExecutor'
2020-05-20 14:42:14.677  INFO 33200 --- [    Test worker] c.s.eatgo.EatgoLoginApplicationTests     : Started EatgoLoginApplicationTests in 3.303 seconds (JVM running for 7.119)
]]></system-out>
  <system-err><![CDATA[]]></system-err>
</testsuite>
