<?xml version="1.0" encoding="UTF-8"?>
<testsuite name="com.sskim.eatgo.application.UserServiceTests" tests="3" skipped="0" failures="0" errors="0" timestamp="2020-05-20T05:42:08" hostname="aaronkssui-MacBook-Pro.local" time="0.389">
  <properties/>
  <testcase name="authenticateWithNotExistedEmail" classname="com.sskim.eatgo.application.UserServiceTests" time="0.385"/>
  <testcase name="authenticateWithPasswordWrong" classname="com.sskim.eatgo.application.UserServiceTests" time="0.002"/>
  <testcase name="authenticateWithValidAttributes" classname="com.sskim.eatgo.application.UserServiceTests" time="0.002"/>
  <system-out><![CDATA[]]></system-out>
  <system-err><![CDATA[]]></system-err>
</testsuite>
