<?xml version="1.0" encoding="UTF-8"?>
<testsuite name="com.sskim.eatgo.EatgoCustomerApplicationTests" tests="1" skipped="0" failures="0" errors="0" timestamp="2020-05-14T06:16:05" hostname="aaronkssui-MacBook-Pro.local" time="0.02">
  <properties/>
  <testcase name="contextLoads()" classname="com.sskim.eatgo.EatgoCustomerApplicationTests" time="0.02"/>
  <system-out><![CDATA[2020-05-14 15:16:02.199  INFO 48085 --- [    Test worker] .b.t.c.SpringBootTestContextBootstrapper : Neither @ContextConfiguration nor @ContextHierarchy found for test class [com.sskim.eatgo.EatgoCustomerApplicationTests], using SpringBootContextLoader
2020-05-14 15:16:02.200  INFO 48085 --- [    Test worker] o.s.t.c.support.AbstractContextLoader    : Could not detect default resource locations for test class [com.sskim.eatgo.EatgoCustomerApplicationTests]: no resource found for suffixes {-context.xml, Context.groovy}.
2020-05-14 15:16:02.200  INFO 48085 --- [    Test worker] t.c.s.AnnotationConfigContextLoaderUtils : Could not detect default configuration classes for test class [com.sskim.eatgo.EatgoCustomerApplicationTests]: EatgoCustomerApplicationTests does not declare any static, non-private, non-final, nested classes annotated with @Configuration.
2020-05-14 15:16:02.206  INFO 48085 --- [    Test worker] .b.t.c.SpringBootTestContextBootstrapper : Found @SpringBootConfiguration com.sskim.eatgo.EatgoCustomerApplication for test class com.sskim.eatgo.EatgoCustomerApplicationTests
2020-05-14 15:16:02.208  INFO 48085 --- [    Test worker] .b.t.c.SpringBootTestContextBootstrapper : Loaded default TestExecutionListener class names from location [META-INF/spring.factories]: [org.springframework.boot.test.autoconfigure.restdocs.RestDocsTestExecutionListener, org.springframework.boot.test.autoconfigure.web.client.MockRestServiceServerResetTestExecutionListener, org.springframework.boot.test.autoconfigure.web.servlet.MockMvcPrintOnlyOnFailureTestExecutionListener, org.springframework.boot.test.autoconfigure.web.servlet.WebDriverTestExecutionListener, org.springframework.boot.test.mock.mockito.MockitoTestExecutionListener, org.springframework.boot.test.mock.mockito.ResetMocksTestExecutionListener, org.springframework.test.context.web.ServletTestExecutionListener, org.springframework.test.context.support.DirtiesContextBeforeModesTestExecutionListener, org.springframework.test.context.support.DependencyInjectionTestExecutionListener, org.springframework.test.context.support.DirtiesContextTestExecutionListener, org.springframework.test.context.transaction.TransactionalTestExecutionListener, org.springframework.test.context.jdbc.SqlScriptsTestExecutionListener, org.springframework.test.context.event.EventPublishingTestExecutionListener]
2020-05-14 15:16:02.209  INFO 48085 --- [    Test worker] .b.t.c.SpringBootTestContextBootstrapper : Using TestExecutionListeners: [org.springframework.test.context.web.ServletTestExecutionListener@56064fb3, org.springframework.test.context.support.DirtiesContextBeforeModesTestExecutionListener@767d70eb, org.springframework.boot.test.mock.mockito.MockitoTestExecutionListener@376b184, org.springframework.boot.test.autoconfigure.SpringBootDependencyInjectionTestExecutionListener@2831be55, org.springframework.test.context.support.DirtiesContextTestExecutionListener@4cae0737, org.springframework.test.context.transaction.TransactionalTestExecutionListener@51c9dc61, org.springframework.test.context.jdbc.SqlScriptsTestExecutionListener@6785ad4d, org.springframework.test.context.event.EventPublishingTestExecutionListener@426374fe, org.springframework.boot.test.autoconfigure.restdocs.RestDocsTestExecutionListener@7ec8543a, org.springframework.boot.test.autoconfigure.web.client.MockRestServiceServerResetTestExecutionListener@617da556, org.springframework.boot.test.autoconfigure.web.servlet.MockMvcPrintOnlyOnFailureTestExecutionListener@2bd893f1, org.springframework.boot.test.autoconfigure.web.servlet.WebDriverTestExecutionListener@7245c6f0, org.springframework.boot.test.mock.mockito.ResetMocksTestExecutionListener@4e103506]

  .   ____          _            __ _ _
 /\\ / ___'_ __ _ _(_)_ __  __ _ \ \ \ \
( ( )\___ | '_ | '_| | '_ \/ _` | \ \ \ \
 \\/  ___)| |_)| | | | | || (_| |  ) ) ) )
  '  |____| .__|_| |_|_| |_\__, | / / / /
 =========|_|==============|___/=/_/_/_/
 :: Spring Boot ::        (v2.2.6.RELEASE)

2020-05-14 15:16:02.238  INFO 48085 --- [    Test worker] c.s.eatgo.EatgoCustomerApplicationTests  : Starting EatgoCustomerApplicationTests on aaronkssui-MacBook-Pro.local with PID 48085 (started by aaron.kss in /Users/aaron.kss/dev/spring-demo-projects/eatgo/eatgo-customer-api)
2020-05-14 15:16:02.238  INFO 48085 --- [    Test worker] c.s.eatgo.EatgoCustomerApplicationTests  : The following profiles are active: test
2020-05-14 15:16:02.447  INFO 48085 --- [    Test worker] .s.d.r.c.RepositoryConfigurationDelegate : Bootstrapping Spring Data JPA repositories in DEFAULT mode.
2020-05-14 15:16:02.501  INFO 48085 --- [    Test worker] .s.d.r.c.RepositoryConfigurationDelegate : Finished Spring Data repository scanning in 45ms. Found 4 JPA repository interfaces.
2020-05-14 15:16:02.822  INFO 48085 --- [    Test worker] o.hibernate.jpa.internal.util.LogHelper  : HHH000204: Processing PersistenceUnitInfo [name: default]
2020-05-14 15:16:02.895  INFO 48085 --- [    Test worker] org.hibernate.Version                    : HHH000412: Hibernate ORM core version 5.4.12.Final
2020-05-14 15:16:02.939  INFO 48085 --- [    Test worker] o.hibernate.annotations.common.Version   : HCANN000001: Hibernate Commons Annotations {5.1.0.Final}
2020-05-14 15:16:03.054  INFO 48085 --- [    Test worker] com.zaxxer.hikari.HikariDataSource       : HikariPool-1 - Starting...
2020-05-14 15:16:03.326  INFO 48085 --- [    Test worker] com.zaxxer.hikari.HikariDataSource       : HikariPool-1 - Start completed.
2020-05-14 15:16:03.364  INFO 48085 --- [    Test worker] org.hibernate.dialect.Dialect            : HHH000400: Using dialect: org.hibernate.dialect.H2Dialect
2020-05-14 15:16:04.119  INFO 48085 --- [    Test worker] o.h.e.t.j.p.i.JtaPlatformInitiator       : HHH000490: Using JtaPlatform implementation: [org.hibernate.engine.transaction.jta.platform.internal.NoJtaPlatform]
2020-05-14 15:16:04.129  INFO 48085 --- [    Test worker] j.LocalContainerEntityManagerFactoryBean : Initialized JPA EntityManagerFactory for persistence unit 'default'
2020-05-14 15:16:04.799  WARN 48085 --- [    Test worker] JpaBaseConfiguration$JpaWebConfiguration : spring.jpa.open-in-view is enabled by default. Therefore, database queries may be performed during view rendering. Explicitly configure spring.jpa.open-in-view to disable this warning
2020-05-14 15:16:04.943  INFO 48085 --- [    Test worker] o.s.s.concurrent.ThreadPoolTaskExecutor  : Initializing ExecutorService 'applicationTaskExecutor'
2020-05-14 15:16:05.242  INFO 48085 --- [    Test worker] c.s.eatgo.EatgoCustomerApplicationTests  : Started EatgoCustomerApplicationTests in 3.024 seconds (JVM running for 8.102)
]]></system-out>
  <system-err><![CDATA[]]></system-err>
</testsuite>
