<?xml version="1.0" encoding="UTF-8"?>
<testsuite name="com.sskim.eatgo.interfaces.ReviewControllerTest" tests="2" skipped="0" failures="0" errors="0" timestamp="2020-05-20T01:04:04" hostname="aaronkssui-MacBook-Pro.local" time="0.134">
  <properties/>
  <testcase name="createWithValidAttributes" classname="com.sskim.eatgo.interfaces.ReviewControllerTest" time="0.116"/>
  <testcase name="createWithInValidAttributes" classname="com.sskim.eatgo.interfaces.ReviewControllerTest" time="0.017"/>
  <system-out><![CDATA[
  .   ____          _            __ _ _
 /\\ / ___'_ __ _ _(_)_ __  __ _ \ \ \ \
( ( )\___ | '_ | '_| | '_ \/ _` | \ \ \ \
 \\/  ___)| |_)| | | | | || (_| |  ) ) ) )
  '  |____| .__|_| |_|_| |_\__, | / / / /
 =========|_|==============|___/=/_/_/_/
 :: Spring Boot ::        (v2.2.6.RELEASE)

2020-05-20 10:04:04.520  INFO 10892 --- [    Test worker] c.s.e.interfaces.ReviewControllerTest    : Starting ReviewControllerTest on aaronkssui-MacBook-Pro.local with PID 10892 (started by aaron.kss in /Users/aaron.kss/dev/spring-demo-projects/eatgo/eatgo-customer-api)
2020-05-20 10:04:04.520  INFO 10892 --- [    Test worker] c.s.e.interfaces.ReviewControllerTest    : The following profiles are active: test
2020-05-20 10:04:04.711  INFO 10892 --- [    Test worker] .s.s.UserDetailsServiceAutoConfiguration : 

Using generated security password: c62ba782-e6f1-4270-8350-173ebeee5b2a

2020-05-20 10:04:04.750  INFO 10892 --- [    Test worker] o.s.s.web.DefaultSecurityFilterChain     : Creating filter chain: any request, [org.springframework.security.web.context.request.async.WebAsyncManagerIntegrationFilter@426ee521, org.springframework.security.web.context.SecurityContextPersistenceFilter@2958b17b, org.springframework.security.web.header.HeaderWriterFilter@46b1dd5b, org.springframework.security.web.authentication.logout.LogoutFilter@2c3e3cf3, com.sskim.eatgo.filters.JwtAuthenticationFilter@7e9980ae, org.springframework.security.web.savedrequest.RequestCacheAwareFilter@14ef4a27, org.springframework.security.web.servletapi.SecurityContextHolderAwareRequestFilter@5c7c06e4, org.springframework.security.web.authentication.AnonymousAuthenticationFilter@3223ff9a, org.springframework.security.web.session.SessionManagementFilter@9f2b268, org.springframework.security.web.access.ExceptionTranslationFilter@6a6afc13]
2020-05-20 10:04:04.835  INFO 10892 --- [    Test worker] o.s.s.concurrent.ThreadPoolTaskExecutor  : Initializing ExecutorService 'applicationTaskExecutor'
2020-05-20 10:04:04.930  INFO 10892 --- [    Test worker] o.s.b.t.m.w.SpringBootMockServletContext : Initializing Spring TestDispatcherServlet ''
2020-05-20 10:04:04.930  INFO 10892 --- [    Test worker] o.s.t.web.servlet.TestDispatcherServlet  : Initializing Servlet ''
2020-05-20 10:04:04.935  INFO 10892 --- [    Test worker] o.s.t.web.servlet.TestDispatcherServlet  : Completed initialization in 5 ms
2020-05-20 10:04:04.943  INFO 10892 --- [    Test worker] c.s.e.interfaces.ReviewControllerTest    : Started ReviewControllerTest in 0.44 seconds (JVM running for 5.402)
2020-05-20 10:04:05.077  WARN 10892 --- [    Test worker] .w.s.m.s.DefaultHandlerExceptionResolver : Resolved [org.springframework.web.bind.MethodArgumentNotValidException: Validation failed for argument [2] in public org.springframework.http.ResponseEntity com.sskim.eatgo.interfaces.ReviewController.create(org.springframework.security.core.Authentication,java.lang.Long,com.sskim.eatgo.domain.Review) throws java.net.URISyntaxException: [Field error in object 'review' on field 'description': rejected value [null]; codes [NotEmpty.review.description,NotEmpty.description,NotEmpty.java.lang.String,NotEmpty]; arguments [org.springframework.context.support.DefaultMessageSourceResolvable: codes [review.description,description]; arguments []; default message [description]]; default message [must not be empty]] ]
]]></system-out>
  <system-err><![CDATA[]]></system-err>
</testsuite>
