<?xml version="1.0" encoding="UTF-8"?>
<testsuite name="com.sskim.eatgo.application.ReservationServiceTests" tests="1" skipped="0" failures="0" errors="0" timestamp="2020-05-20T05:41:58" hostname="aaronkssui-MacBook-Pro.local" time="0.019">
  <properties/>
  <testcase name="addReservation" classname="com.sskim.eatgo.application.ReservationServiceTests" time="0.019"/>
  <system-out><![CDATA[]]></system-out>
  <system-err><![CDATA[]]></system-err>
</testsuite>
