<?xml version="1.0" encoding="UTF-8"?>
<testsuite name="com.sskim.eatgo.EatgoCustomerApplicationTests" tests="1" skipped="0" failures="0" errors="0" timestamp="2020-05-20T05:42:06" hostname="aaronkssui-MacBook-Pro.local" time="0.014">
  <properties/>
  <testcase name="contextLoads()" classname="com.sskim.eatgo.EatgoCustomerApplicationTests" time="0.014"/>
  <system-out><![CDATA[2020-05-20 14:42:03.531  INFO 33178 --- [    Test worker] .b.t.c.SpringBootTestContextBootstrapper : Neither @ContextConfiguration nor @ContextHierarchy found for test class [com.sskim.eatgo.EatgoCustomerApplicationTests], using SpringBootContextLoader
2020-05-20 14:42:03.531  INFO 33178 --- [    Test worker] o.s.t.c.support.AbstractContextLoader    : Could not detect default resource locations for test class [com.sskim.eatgo.EatgoCustomerApplicationTests]: no resource found for suffixes {-context.xml, Context.groovy}.
2020-05-20 14:42:03.531  INFO 33178 --- [    Test worker] t.c.s.AnnotationConfigContextLoaderUtils : Could not detect default configuration classes for test class [com.sskim.eatgo.EatgoCustomerApplicationTests]: EatgoCustomerApplicationTests does not declare any static, non-private, non-final, nested classes annotated with @Configuration.
2020-05-20 14:42:03.535  INFO 33178 --- [    Test worker] .b.t.c.SpringBootTestContextBootstrapper : Found @SpringBootConfiguration com.sskim.eatgo.EatgoCustomerApplication for test class com.sskim.eatgo.EatgoCustomerApplicationTests
2020-05-20 14:42:03.536  INFO 33178 --- [    Test worker] .b.t.c.SpringBootTestContextBootstrapper : Loaded default TestExecutionListener class names from location [META-INF/spring.factories]: [org.springframework.boot.test.autoconfigure.restdocs.RestDocsTestExecutionListener, org.springframework.boot.test.autoconfigure.web.client.MockRestServiceServerResetTestExecutionListener, org.springframework.boot.test.autoconfigure.web.servlet.MockMvcPrintOnlyOnFailureTestExecutionListener, org.springframework.boot.test.autoconfigure.web.servlet.WebDriverTestExecutionListener, org.springframework.boot.test.mock.mockito.MockitoTestExecutionListener, org.springframework.boot.test.mock.mockito.ResetMocksTestExecutionListener, org.springframework.test.context.web.ServletTestExecutionListener, org.springframework.test.context.support.DirtiesContextBeforeModesTestExecutionListener, org.springframework.test.context.support.DependencyInjectionTestExecutionListener, org.springframework.test.context.support.DirtiesContextTestExecutionListener, org.springframework.test.context.transaction.TransactionalTestExecutionListener, org.springframework.test.context.jdbc.SqlScriptsTestExecutionListener, org.springframework.test.context.event.EventPublishingTestExecutionListener]
2020-05-20 14:42:03.537  INFO 33178 --- [    Test worker] .b.t.c.SpringBootTestContextBootstrapper : Using TestExecutionListeners: [org.springframework.test.context.web.ServletTestExecutionListener@78b6683c, org.springframework.test.context.support.DirtiesContextBeforeModesTestExecutionListener@78ba564f, org.springframework.boot.test.mock.mockito.MockitoTestExecutionListener@33d19cc8, org.springframework.boot.test.autoconfigure.SpringBootDependencyInjectionTestExecutionListener@4596138a, org.springframework.test.context.support.DirtiesContextTestExecutionListener@eaa648c, org.springframework.test.context.transaction.TransactionalTestExecutionListener@24085338, org.springframework.test.context.jdbc.SqlScriptsTestExecutionListener@1b00bcad, org.springframework.test.context.event.EventPublishingTestExecutionListener@6efff604, org.springframework.boot.test.autoconfigure.restdocs.RestDocsTestExecutionListener@33ac6153, org.springframework.boot.test.autoconfigure.web.client.MockRestServiceServerResetTestExecutionListener@555b658d, org.springframework.boot.test.autoconfigure.web.servlet.MockMvcPrintOnlyOnFailureTestExecutionListener@4ba05e5f, org.springframework.boot.test.autoconfigure.web.servlet.WebDriverTestExecutionListener@5afecef9, org.springframework.boot.test.mock.mockito.ResetMocksTestExecutionListener@a089a0c]

  .   ____          _            __ _ _
 /\\ / ___'_ __ _ _(_)_ __  __ _ \ \ \ \
( ( )\___ | '_ | '_| | '_ \/ _` | \ \ \ \
 \\/  ___)| |_)| | | | | || (_| |  ) ) ) )
  '  |____| .__|_| |_|_| |_\__, | / / / /
 =========|_|==============|___/=/_/_/_/
 :: Spring Boot ::        (v2.2.6.RELEASE)

2020-05-20 14:42:03.560  INFO 33178 --- [    Test worker] c.s.eatgo.EatgoCustomerApplicationTests  : Starting EatgoCustomerApplicationTests on aaronkssui-MacBook-Pro.local with PID 33178 (started by aaron.kss in /Users/aaron.kss/dev/spring-demo-projects/eatgo/eatgo-customer-api)
2020-05-20 14:42:03.560  INFO 33178 --- [    Test worker] c.s.eatgo.EatgoCustomerApplicationTests  : The following profiles are active: test
2020-05-20 14:42:03.759  INFO 33178 --- [    Test worker] .s.d.r.c.RepositoryConfigurationDelegate : Bootstrapping Spring Data JPA repositories in DEFAULT mode.
2020-05-20 14:42:03.829  INFO 33178 --- [    Test worker] .s.d.r.c.RepositoryConfigurationDelegate : Finished Spring Data repository scanning in 63ms. Found 7 JPA repository interfaces.
2020-05-20 14:42:04.131  INFO 33178 --- [    Test worker] o.hibernate.jpa.internal.util.LogHelper  : HHH000204: Processing PersistenceUnitInfo [name: default]
2020-05-20 14:42:04.200  INFO 33178 --- [    Test worker] org.hibernate.Version                    : HHH000412: Hibernate ORM core version 5.4.12.Final
2020-05-20 14:42:04.239  INFO 33178 --- [    Test worker] o.hibernate.annotations.common.Version   : HCANN000001: Hibernate Commons Annotations {5.1.0.Final}
2020-05-20 14:42:04.353  INFO 33178 --- [    Test worker] com.zaxxer.hikari.HikariDataSource       : HikariPool-1 - Starting...
2020-05-20 14:42:04.549  INFO 33178 --- [    Test worker] com.zaxxer.hikari.HikariDataSource       : HikariPool-1 - Start completed.
2020-05-20 14:42:04.578  INFO 33178 --- [    Test worker] org.hibernate.dialect.Dialect            : HHH000400: Using dialect: org.hibernate.dialect.H2Dialect
2020-05-20 14:42:05.325  INFO 33178 --- [    Test worker] o.h.e.t.j.p.i.JtaPlatformInitiator       : HHH000490: Using JtaPlatform implementation: [org.hibernate.engine.transaction.jta.platform.internal.NoJtaPlatform]
2020-05-20 14:42:05.333  INFO 33178 --- [    Test worker] j.LocalContainerEntityManagerFactoryBean : Initialized JPA EntityManagerFactory for persistence unit 'default'
2020-05-20 14:42:05.848  INFO 33178 --- [    Test worker] .s.s.UserDetailsServiceAutoConfiguration : 

Using generated security password: 6fc0b38e-04a7-41d8-883e-8d853e6f554c

2020-05-20 14:42:05.900  INFO 33178 --- [    Test worker] o.s.s.web.DefaultSecurityFilterChain     : Creating filter chain: any request, [org.springframework.security.web.context.request.async.WebAsyncManagerIntegrationFilter@354093d, org.springframework.security.web.context.SecurityContextPersistenceFilter@4fe767c3, org.springframework.security.web.header.HeaderWriterFilter@279df053, org.springframework.security.web.authentication.logout.LogoutFilter@2317f0a0, com.sskim.eatgo.filters.JwtAuthenticationFilter@500af566, org.springframework.security.web.savedrequest.RequestCacheAwareFilter@5416e1, org.springframework.security.web.servletapi.SecurityContextHolderAwareRequestFilter@480361d0, org.springframework.security.web.authentication.AnonymousAuthenticationFilter@55522608, org.springframework.security.web.session.SessionManagementFilter@1f3caa9, org.springframework.security.web.access.ExceptionTranslationFilter@1d5a44ca]
2020-05-20 14:42:06.120  INFO 33178 --- [    Test worker] o.s.s.concurrent.ThreadPoolTaskExecutor  : Initializing ExecutorService 'applicationTaskExecutor'
2020-05-20 14:42:06.341  INFO 33178 --- [    Test worker] c.s.eatgo.EatgoCustomerApplicationTests  : Started EatgoCustomerApplicationTests in 2.796 seconds (JVM running for 9.384)
]]></system-out>
  <system-err><![CDATA[]]></system-err>
</testsuite>
