<?xml version="1.0" encoding="UTF-8"?>
<testsuite name="com.sskim.eatgo.application.MenuItemServiceTest" tests="1" skipped="0" failures="0" errors="0" timestamp="2020-05-14T01:22:22" hostname="aaronkssui-MacBook-Pro.local" time="0.289">
  <properties/>
  <testcase name="bulkUpdate" classname="com.sskim.eatgo.application.MenuItemServiceTest" time="0.289"/>
  <system-out><![CDATA[]]></system-out>
  <system-err><![CDATA[]]></system-err>
</testsuite>
