<?xml version="1.0" encoding="UTF-8"?>
<testsuite name="com.sskim.eatgo.interfaces.RestaurantControllerTest" tests="3" skipped="0" failures="0" errors="0" timestamp="2020-05-14T02:10:37" hostname="aaronkssui-MacBook-Pro.local" time="0.21">
  <properties/>
  <testcase name="list" classname="com.sskim.eatgo.interfaces.RestaurantControllerTest" time="0.18"/>
  <testcase name="detailWithNotExisted" classname="com.sskim.eatgo.interfaces.RestaurantControllerTest" time="0.017"/>
  <testcase name="detailWithExisted" classname="com.sskim.eatgo.interfaces.RestaurantControllerTest" time="0.011"/>
  <system-out><![CDATA[11:10:35.194 [Test worker] DEBUG org.springframework.test.annotation.ProfileValueUtils - Retrieved @ProfileValueSourceConfiguration [null] for test class [com.sskim.eatgo.interfaces.RestaurantControllerTest]
11:10:35.194 [Test worker] DEBUG org.springframework.test.annotation.ProfileValueUtils - Retrieved ProfileValueSource type [class org.springframework.test.annotation.SystemProfileValueSource] for class [com.sskim.eatgo.interfaces.RestaurantControllerTest]
11:10:35.194 [Test worker] DEBUG org.springframework.test.annotation.ProfileValueUtils - Retrieved @ProfileValueSourceConfiguration [null] for test class [com.sskim.eatgo.interfaces.RestaurantControllerTest]
11:10:35.194 [Test worker] DEBUG org.springframework.test.annotation.ProfileValueUtils - Retrieved ProfileValueSource type [class org.springframework.test.annotation.SystemProfileValueSource] for class [com.sskim.eatgo.interfaces.RestaurantControllerTest]
11:10:35.198 [Test worker] DEBUG org.springframework.test.context.support.AbstractDirtiesContextTestExecutionListener - Before test class: context [DefaultTestContext@5158f1b7 testClass = RestaurantControllerTest, testInstance = [null], testMethod = [null], testException = [null], mergedContextConfiguration = [WebMergedContextConfiguration@14254be8 testClass = RestaurantControllerTest, locations = '{}', classes = '{class com.sskim.eatgo.EatgoCustomerApplication}', contextInitializerClasses = '[]', activeProfiles = '{}', propertySourceLocations = '{}', propertySourceProperties = '{org.springframework.boot.test.autoconfigure.web.servlet.WebMvcTestContextBootstrapper=true}', contextCustomizers = set[org.springframework.boot.test.autoconfigure.OverrideAutoConfigurationContextCustomizerFactory$DisableAutoConfigurationContextCustomizer@7b183040, org.springframework.boot.test.autoconfigure.filter.TypeExcludeFiltersContextCustomizer@ea48c9e5, org.springframework.boot.test.autoconfigure.properties.PropertyMappingContextCustomizer@40092b5a, org.springframework.boot.test.autoconfigure.web.servlet.WebDriverContextCustomizerFactory$Customizer@4a778451, [ImportsContextCustomizer@645a3ebe key = [org.springframework.boot.autoconfigure.cache.CacheAutoConfiguration, org.springframework.boot.autoconfigure.context.MessageSourceAutoConfiguration, org.springframework.boot.autoconfigure.data.web.SpringDataWebAutoConfiguration, org.springframework.boot.autoconfigure.freemarker.FreeMarkerAutoConfiguration, org.springframework.boot.autoconfigure.groovy.template.GroovyTemplateAutoConfiguration, org.springframework.boot.autoconfigure.gson.GsonAutoConfiguration, org.springframework.boot.autoconfigure.hateoas.HypermediaAutoConfiguration, org.springframework.boot.autoconfigure.http.HttpMessageConvertersAutoConfiguration, org.springframework.boot.autoconfigure.jackson.JacksonAutoConfiguration, org.springframework.boot.autoconfigure.jsonb.JsonbAutoConfiguration, org.springframework.boot.autoconfigure.mustache.MustacheAutoConfiguration, org.springframework.boot.autoconfigure.task.TaskExecutionAutoConfiguration, org.springframework.boot.autoconfigure.thymeleaf.ThymeleafAutoConfiguration, org.springframework.boot.autoconfigure.validation.ValidationAutoConfiguration, org.springframework.boot.autoconfigure.web.servlet.error.ErrorMvcAutoConfiguration, org.springframework.boot.autoconfigure.web.servlet.WebMvcAutoConfiguration, org.springframework.boot.test.autoconfigure.web.servlet.MockMvcAutoConfiguration, org.springframework.boot.test.autoconfigure.web.servlet.MockMvcWebClientAutoConfiguration, org.springframework.boot.test.autoconfigure.web.servlet.MockMvcWebDriverAutoConfiguration, org.springframework.boot.autoconfigure.security.servlet.SecurityAutoConfiguration, org.springframework.boot.autoconfigure.security.servlet.UserDetailsServiceAutoConfiguration, org.springframework.boot.test.autoconfigure.web.servlet.MockMvcSecurityConfiguration]], org.springframework.boot.test.context.filter.ExcludeFilterContextCustomizer@4907965f, org.springframework.boot.test.json.DuplicateJsonObjectContextCustomizerFactory$DuplicateJsonObjectContextCustomizer@729bff05, org.springframework.boot.test.mock.mockito.MockitoContextCustomizer@a9f5106], resourceBasePath = 'src/main/webapp', contextLoader = 'org.springframework.boot.test.context.SpringBootContextLoader', parent = [null]], attributes = map[[empty]]], class annotated with @DirtiesContext [false] with mode [null].
11:10:35.199 [Test worker] DEBUG org.springframework.test.annotation.ProfileValueUtils - Retrieved @ProfileValueSourceConfiguration [null] for test class [com.sskim.eatgo.interfaces.RestaurantControllerTest]
11:10:35.200 [Test worker] DEBUG org.springframework.test.annotation.ProfileValueUtils - Retrieved ProfileValueSource type [class org.springframework.test.annotation.SystemProfileValueSource] for class [com.sskim.eatgo.interfaces.RestaurantControllerTest]
11:10:35.302 [Test worker] DEBUG org.springframework.test.context.support.TestPropertySourceUtils - Adding inlined properties to environment: {spring.jmx.enabled=false, org.springframework.boot.test.autoconfigure.web.servlet.WebMvcTestContextBootstrapper=true, server.port=-1}

  .   ____          _            __ _ _
 /\\ / ___'_ __ _ _(_)_ __  __ _ \ \ \ \
( ( )\___ | '_ | '_| | '_ \/ _` | \ \ \ \
 \\/  ___)| |_)| | | | | || (_| |  ) ) ) )
  '  |____| .__|_| |_|_| |_\__, | / / / /
 =========|_|==============|___/=/_/_/_/
 :: Spring Boot ::        (v2.2.6.RELEASE)

2020-05-14 11:10:35.697  INFO 33467 --- [    Test worker] c.s.e.i.RestaurantControllerTest         : Starting RestaurantControllerTest on aaronkssui-MacBook-Pro.local with PID 33467 (started by aaron.kss in /Users/aaron.kss/dev/spring-demo-projects/eatgo/eatgo-customer-api)
2020-05-14 11:10:35.698  INFO 33467 --- [    Test worker] c.s.e.i.RestaurantControllerTest         : The following profiles are active: test
2020-05-14 11:10:36.674  INFO 33467 --- [    Test worker] o.s.s.concurrent.ThreadPoolTaskExecutor  : Initializing ExecutorService 'applicationTaskExecutor'
2020-05-14 11:10:36.956  INFO 33467 --- [    Test worker] o.s.b.t.m.w.SpringBootMockServletContext : Initializing Spring TestDispatcherServlet ''
2020-05-14 11:10:36.956  INFO 33467 --- [    Test worker] o.s.t.web.servlet.TestDispatcherServlet  : Initializing Servlet ''
2020-05-14 11:10:36.976  INFO 33467 --- [    Test worker] o.s.t.web.servlet.TestDispatcherServlet  : Completed initialization in 20 ms
2020-05-14 11:10:37.025  INFO 33467 --- [    Test worker] c.s.e.i.RestaurantControllerTest         : Started RestaurantControllerTest in 1.685 seconds (JVM running for 3.508)
]]></system-out>
  <system-err><![CDATA[]]></system-err>
</testsuite>
