<?xml version="1.0" encoding="UTF-8"?>
<testsuite name="com.sskim.eatgo.interfaces.RegionControllerTests" tests="1" skipped="0" failures="0" errors="0" timestamp="2020-05-14T06:16:01" hostname="aaronkssui-MacBook-Pro.local" time="0.008">
  <properties/>
  <testcase name="list" classname="com.sskim.eatgo.interfaces.RegionControllerTests" time="0.008"/>
  <system-out><![CDATA[
  .   ____          _            __ _ _
 /\\ / ___'_ __ _ _(_)_ __  __ _ \ \ \ \
( ( )\___ | '_ | '_| | '_ \/ _` | \ \ \ \
 \\/  ___)| |_)| | | | | || (_| |  ) ) ) )
  '  |____| .__|_| |_|_| |_\__, | / / / /
 =========|_|==============|___/=/_/_/_/
 :: Spring Boot ::        (v2.2.6.RELEASE)

2020-05-14 15:16:00.910  INFO 48085 --- [    Test worker] c.s.e.interfaces.RegionControllerTests   : Starting RegionControllerTests on aaronkssui-MacBook-Pro.local with PID 48085 (started by aaron.kss in /Users/aaron.kss/dev/spring-demo-projects/eatgo/eatgo-customer-api)
2020-05-14 15:16:00.910  INFO 48085 --- [    Test worker] c.s.e.interfaces.RegionControllerTests   : The following profiles are active: test
2020-05-14 15:16:01.282  INFO 48085 --- [    Test worker] o.s.s.concurrent.ThreadPoolTaskExecutor  : Initializing ExecutorService 'applicationTaskExecutor'
2020-05-14 15:16:01.434  INFO 48085 --- [    Test worker] o.s.b.t.m.w.SpringBootMockServletContext : Initializing Spring TestDispatcherServlet ''
2020-05-14 15:16:01.434  INFO 48085 --- [    Test worker] o.s.t.web.servlet.TestDispatcherServlet  : Initializing Servlet ''
2020-05-14 15:16:01.443  INFO 48085 --- [    Test worker] o.s.t.web.servlet.TestDispatcherServlet  : Completed initialization in 9 ms
2020-05-14 15:16:01.455  INFO 48085 --- [    Test worker] c.s.e.interfaces.RegionControllerTests   : Started RegionControllerTests in 0.564 seconds (JVM running for 4.315)
]]></system-out>
  <system-err><![CDATA[]]></system-err>
</testsuite>
