<?xml version="1.0" encoding="UTF-8"?>
<testsuite name="com.sskim.eatgo.application.UserServiceTests" tests="2" skipped="0" failures="0" errors="0" timestamp="2020-05-20T01:04:00" hostname="aaronkssui-MacBook-Pro.local" time="0.024">
  <properties/>
  <testcase name="registerUser" classname="com.sskim.eatgo.application.UserServiceTests" time="0.023"/>
  <testcase name="registerUserWithExistedEmail" classname="com.sskim.eatgo.application.UserServiceTests" time="0.001"/>
  <system-out><![CDATA[]]></system-out>
  <system-err><![CDATA[]]></system-err>
</testsuite>
