<?xml version="1.0" encoding="UTF-8"?>
<testsuite name="com.sskim.eatgo.interfaces.ReviewControllerTest" tests="2" skipped="0" failures="0" errors="0" timestamp="2020-05-14T01:22:25" hostname="aaronkssui-MacBook-Pro.local" time="0.019">
  <properties/>
  <testcase name="createWithValidAttributes" classname="com.sskim.eatgo.interfaces.ReviewControllerTest" time="0.014"/>
  <testcase name="createWithInValidAttributes" classname="com.sskim.eatgo.interfaces.ReviewControllerTest" time="0.005"/>
  <system-out><![CDATA[
  .   ____          _            __ _ _
 /\\ / ___'_ __ _ _(_)_ __  __ _ \ \ \ \
( ( )\___ | '_ | '_| | '_ \/ _` | \ \ \ \
 \\/  ___)| |_)| | | | | || (_| |  ) ) ) )
  '  |____| .__|_| |_|_| |_\__, | / / / /
 =========|_|==============|___/=/_/_/_/
 :: Spring Boot ::        (v2.2.6.RELEASE)

2020-05-14 10:22:25.116  INFO 25011 --- [    Test worker] c.s.e.interfaces.ReviewControllerTest    : Starting ReviewControllerTest on aaronkssui-MacBook-Pro.local with PID 25011 (started by aaron.kss in /Users/aaron.kss/dev/spring-demo-projects/eatgo/eatgo-customer-api)
2020-05-14 10:22:25.117  INFO 25011 --- [    Test worker] c.s.e.interfaces.ReviewControllerTest    : No active profile set, falling back to default profiles: default
2020-05-14 10:22:25.305  INFO 25011 --- [    Test worker] o.s.s.concurrent.ThreadPoolTaskExecutor  : Initializing ExecutorService 'applicationTaskExecutor'
2020-05-14 10:22:25.392  INFO 25011 --- [    Test worker] o.s.b.t.m.w.SpringBootMockServletContext : Initializing Spring TestDispatcherServlet ''
2020-05-14 10:22:25.392  INFO 25011 --- [    Test worker] o.s.t.web.servlet.TestDispatcherServlet  : Initializing Servlet ''
2020-05-14 10:22:25.397  INFO 25011 --- [    Test worker] o.s.t.web.servlet.TestDispatcherServlet  : Completed initialization in 4 ms
2020-05-14 10:22:25.406  INFO 25011 --- [    Test worker] c.s.e.interfaces.ReviewControllerTest    : Started ReviewControllerTest in 0.302 seconds (JVM running for 3.374)
2020-05-14 10:22:25.426  WARN 25011 --- [    Test worker] .w.s.m.s.DefaultHandlerExceptionResolver : Resolved [org.springframework.web.bind.MethodArgumentNotValidException: Validation failed for argument [1] in public org.springframework.http.ResponseEntity com.sskim.eatgo.interfaces.ReviewController.create(java.lang.Long,com.sskim.eatgo.domain.Review) throws java.net.URISyntaxException with 2 errors: [Field error in object 'review' on field 'name': rejected value [null]; codes [NotEmpty.review.name,NotEmpty.name,NotEmpty.java.lang.String,NotEmpty]; arguments [org.springframework.context.support.DefaultMessageSourceResolvable: codes [review.name,name]; arguments []; default message [name]]; default message [must not be empty]] [Field error in object 'review' on field 'description': rejected value [null]; codes [NotEmpty.review.description,NotEmpty.description,NotEmpty.java.lang.String,NotEmpty]; arguments [org.springframework.context.support.DefaultMessageSourceResolvable: codes [review.description,description]; arguments []; default message [description]]; default message [must not be empty]] ]
]]></system-out>
  <system-err><![CDATA[]]></system-err>
</testsuite>
