<?xml version="1.0" encoding="UTF-8"?>
<testsuite name="com.sskim.eatgo.interfaces.UserControllerTests" tests="1" skipped="0" failures="0" errors="0" timestamp="2020-05-20T05:42:01" hostname="aaronkssui-MacBook-Pro.local" time="0.06">
  <properties/>
  <testcase name="create" classname="com.sskim.eatgo.interfaces.UserControllerTests" time="0.06"/>
  <system-out><![CDATA[
  .   ____          _            __ _ _
 /\\ / ___'_ __ _ _(_)_ __  __ _ \ \ \ \
( ( )\___ | '_ | '_| | '_ \/ _` | \ \ \ \
 \\/  ___)| |_)| | | | | || (_| |  ) ) ) )
  '  |____| .__|_| |_|_| |_\__, | / / / /
 =========|_|==============|___/=/_/_/_/
 :: Spring Boot ::        (v2.2.6.RELEASE)

2020-05-20 14:42:00.632  INFO 33178 --- [    Test worker] c.s.e.interfaces.UserControllerTests     : Starting UserControllerTests on aaronkssui-MacBook-Pro.local with PID 33178 (started by aaron.kss in /Users/aaron.kss/dev/spring-demo-projects/eatgo/eatgo-customer-api)
2020-05-20 14:42:00.633  INFO 33178 --- [    Test worker] c.s.e.interfaces.UserControllerTests     : The following profiles are active: test
2020-05-20 14:42:00.863  INFO 33178 --- [    Test worker] .s.s.UserDetailsServiceAutoConfiguration : 

Using generated security password: 4faab274-1192-4810-b895-bb712ee82c47

2020-05-20 14:42:00.913  INFO 33178 --- [    Test worker] o.s.s.web.DefaultSecurityFilterChain     : Creating filter chain: any request, [org.springframework.security.web.context.request.async.WebAsyncManagerIntegrationFilter@6e278c2a, org.springframework.security.web.context.SecurityContextPersistenceFilter@6321354a, org.springframework.security.web.header.HeaderWriterFilter@36cd687, org.springframework.security.web.authentication.logout.LogoutFilter@1e80af51, com.sskim.eatgo.filters.JwtAuthenticationFilter@12be8230, org.springframework.security.web.savedrequest.RequestCacheAwareFilter@3ce997dc, org.springframework.security.web.servletapi.SecurityContextHolderAwareRequestFilter@5954b628, org.springframework.security.web.authentication.AnonymousAuthenticationFilter@6cde514a, org.springframework.security.web.session.SessionManagementFilter@4ccc2a8a, org.springframework.security.web.access.ExceptionTranslationFilter@301de14b]
2020-05-20 14:42:01.032  INFO 33178 --- [    Test worker] o.s.s.concurrent.ThreadPoolTaskExecutor  : Initializing ExecutorService 'applicationTaskExecutor'
2020-05-20 14:42:01.145  INFO 33178 --- [    Test worker] o.s.b.t.m.w.SpringBootMockServletContext : Initializing Spring TestDispatcherServlet ''
2020-05-20 14:42:01.145  INFO 33178 --- [    Test worker] o.s.t.web.servlet.TestDispatcherServlet  : Initializing Servlet ''
2020-05-20 14:42:01.151  INFO 33178 --- [    Test worker] o.s.t.web.servlet.TestDispatcherServlet  : Completed initialization in 6 ms
2020-05-20 14:42:01.163  INFO 33178 --- [    Test worker] c.s.e.interfaces.UserControllerTests     : Started UserControllerTests in 0.552 seconds (JVM running for 4.205)
]]></system-out>
  <system-err><![CDATA[]]></system-err>
</testsuite>
