<?xml version="1.0" encoding="UTF-8"?>
<testsuite name="com.sskim.eatgo.interfaces.RestaurantControllerTest" tests="3" skipped="0" failures="0" errors="0" timestamp="2020-05-20T05:42:02" hostname="aaronkssui-MacBook-Pro.local" time="0.037">
  <properties/>
  <testcase name="list" classname="com.sskim.eatgo.interfaces.RestaurantControllerTest" time="0.016"/>
  <testcase name="detailWithNotExisted" classname="com.sskim.eatgo.interfaces.RestaurantControllerTest" time="0.009"/>
  <testcase name="detailWithExisted" classname="com.sskim.eatgo.interfaces.RestaurantControllerTest" time="0.01"/>
  <system-out><![CDATA[
  .   ____          _            __ _ _
 /\\ / ___'_ __ _ _(_)_ __  __ _ \ \ \ \
( ( )\___ | '_ | '_| | '_ \/ _` | \ \ \ \
 \\/  ___)| |_)| | | | | || (_| |  ) ) ) )
  '  |____| .__|_| |_|_| |_\__, | / / / /
 =========|_|==============|___/=/_/_/_/
 :: Spring Boot ::        (v2.2.6.RELEASE)

2020-05-20 14:42:01.914  INFO 33178 --- [    Test worker] c.s.e.i.RestaurantControllerTest         : Starting RestaurantControllerTest on aaronkssui-MacBook-Pro.local with PID 33178 (started by aaron.kss in /Users/aaron.kss/dev/spring-demo-projects/eatgo/eatgo-customer-api)
2020-05-20 14:42:01.914  INFO 33178 --- [    Test worker] c.s.e.i.RestaurantControllerTest         : The following profiles are active: test
2020-05-20 14:42:02.131  INFO 33178 --- [    Test worker] .s.s.UserDetailsServiceAutoConfiguration : 

Using generated security password: 35c62043-b089-42b8-b4a3-c4e204394f68

2020-05-20 14:42:02.194  INFO 33178 --- [    Test worker] o.s.s.web.DefaultSecurityFilterChain     : Creating filter chain: any request, [org.springframework.security.web.context.request.async.WebAsyncManagerIntegrationFilter@5229a2f5, org.springframework.security.web.context.SecurityContextPersistenceFilter@111415ae, org.springframework.security.web.header.HeaderWriterFilter@61a10be6, org.springframework.security.web.authentication.logout.LogoutFilter@4c79e5e, com.sskim.eatgo.filters.JwtAuthenticationFilter@531670d7, org.springframework.security.web.savedrequest.RequestCacheAwareFilter@3f5d3cb7, org.springframework.security.web.servletapi.SecurityContextHolderAwareRequestFilter@564aee81, org.springframework.security.web.authentication.AnonymousAuthenticationFilter@1cb720ad, org.springframework.security.web.session.SessionManagementFilter@795346b2, org.springframework.security.web.access.ExceptionTranslationFilter@2d4074f7]
2020-05-20 14:42:02.302  INFO 33178 --- [    Test worker] o.s.s.concurrent.ThreadPoolTaskExecutor  : Initializing ExecutorService 'applicationTaskExecutor'
2020-05-20 14:42:02.419  INFO 33178 --- [    Test worker] o.s.b.t.m.w.SpringBootMockServletContext : Initializing Spring TestDispatcherServlet ''
2020-05-20 14:42:02.419  INFO 33178 --- [    Test worker] o.s.t.web.servlet.TestDispatcherServlet  : Initializing Servlet ''
2020-05-20 14:42:02.427  INFO 33178 --- [    Test worker] o.s.t.web.servlet.TestDispatcherServlet  : Completed initialization in 7 ms
2020-05-20 14:42:02.438  INFO 33178 --- [    Test worker] c.s.e.i.RestaurantControllerTest         : Started RestaurantControllerTest in 0.543 seconds (JVM running for 5.48)
]]></system-out>
  <system-err><![CDATA[]]></system-err>
</testsuite>
