<?xml version="1.0" encoding="UTF-8"?>
<testsuite name="com.sskim.eatgo.application.ReviewServiceTest" tests="1" skipped="0" failures="0" errors="0" timestamp="2020-05-14T06:15:58" hostname="aaronkssui-MacBook-Pro.local" time="0.0">
  <properties/>
  <testcase name="addReview" classname="com.sskim.eatgo.application.ReviewServiceTest" time="0.0"/>
  <system-out><![CDATA[]]></system-out>
  <system-err><![CDATA[]]></system-err>
</testsuite>
