<?xml version="1.0" encoding="UTF-8"?>
<testsuite name="com.sskim.eatgo.interfaces.UserControllerTests" tests="1" skipped="0" failures="0" errors="0" timestamp="2020-05-20T01:04:03" hostname="aaronkssui-MacBook-Pro.local" time="0.054">
  <properties/>
  <testcase name="create" classname="com.sskim.eatgo.interfaces.UserControllerTests" time="0.054"/>
  <system-out><![CDATA[
  .   ____          _            __ _ _
 /\\ / ___'_ __ _ _(_)_ __  __ _ \ \ \ \
( ( )\___ | '_ | '_| | '_ \/ _` | \ \ \ \
 \\/  ___)| |_)| | | | | || (_| |  ) ) ) )
  '  |____| .__|_| |_|_| |_\__, | / / / /
 =========|_|==============|___/=/_/_/_/
 :: Spring Boot ::        (v2.2.6.RELEASE)

2020-05-20 10:04:02.866  INFO 10892 --- [    Test worker] c.s.e.interfaces.UserControllerTests     : Starting UserControllerTests on aaronkssui-MacBook-Pro.local with PID 10892 (started by aaron.kss in /Users/aaron.kss/dev/spring-demo-projects/eatgo/eatgo-customer-api)
2020-05-20 10:04:02.866  INFO 10892 --- [    Test worker] c.s.e.interfaces.UserControllerTests     : The following profiles are active: test
2020-05-20 10:04:03.099  INFO 10892 --- [    Test worker] .s.s.UserDetailsServiceAutoConfiguration : 

Using generated security password: ccc61cf8-2756-48c5-bde3-fee3cffb7dbb

2020-05-20 10:04:03.150  INFO 10892 --- [    Test worker] o.s.s.web.DefaultSecurityFilterChain     : Creating filter chain: any request, [org.springframework.security.web.context.request.async.WebAsyncManagerIntegrationFilter@6fc7ee5d, org.springframework.security.web.context.SecurityContextPersistenceFilter@3bf30490, org.springframework.security.web.header.HeaderWriterFilter@27cab279, org.springframework.security.web.authentication.logout.LogoutFilter@60891cb5, com.sskim.eatgo.filters.JwtAuthenticationFilter@4be6c425, org.springframework.security.web.savedrequest.RequestCacheAwareFilter@77bf0fc6, org.springframework.security.web.servletapi.SecurityContextHolderAwareRequestFilter@5942232, org.springframework.security.web.authentication.AnonymousAuthenticationFilter@628c2920, org.springframework.security.web.session.SessionManagementFilter@197bfa84, org.springframework.security.web.access.ExceptionTranslationFilter@45612c24]
2020-05-20 10:04:03.295  INFO 10892 --- [    Test worker] o.s.s.concurrent.ThreadPoolTaskExecutor  : Initializing ExecutorService 'applicationTaskExecutor'
2020-05-20 10:04:03.418  INFO 10892 --- [    Test worker] o.s.b.t.m.w.SpringBootMockServletContext : Initializing Spring TestDispatcherServlet ''
2020-05-20 10:04:03.418  INFO 10892 --- [    Test worker] o.s.t.web.servlet.TestDispatcherServlet  : Initializing Servlet ''
2020-05-20 10:04:03.424  INFO 10892 --- [    Test worker] o.s.t.web.servlet.TestDispatcherServlet  : Completed initialization in 6 ms
2020-05-20 10:04:03.435  INFO 10892 --- [    Test worker] c.s.e.interfaces.UserControllerTests     : Started UserControllerTests in 0.59 seconds (JVM running for 3.894)
]]></system-out>
  <system-err><![CDATA[]]></system-err>
</testsuite>
