<?xml version="1.0" encoding="UTF-8"?>
<testsuite name="com.sskim.eatgo.interfaces.RestaurantControllerTest" tests="3" skipped="0" failures="0" errors="0" timestamp="2020-05-14T06:43:15" hostname="aaronkssui-MacBook-Pro.local" time="0.043">
  <properties/>
  <testcase name="list" classname="com.sskim.eatgo.interfaces.RestaurantControllerTest" time="0.017"/>
  <testcase name="detailWithNotExisted" classname="com.sskim.eatgo.interfaces.RestaurantControllerTest" time="0.016"/>
  <testcase name="detailWithExisted" classname="com.sskim.eatgo.interfaces.RestaurantControllerTest" time="0.009"/>
  <system-out><![CDATA[
  .   ____          _            __ _ _
 /\\ / ___'_ __ _ _(_)_ __  __ _ \ \ \ \
( ( )\___ | '_ | '_| | '_ \/ _` | \ \ \ \
 \\/  ___)| |_)| | | | | || (_| |  ) ) ) )
  '  |____| .__|_| |_|_| |_\__, | / / / /
 =========|_|==============|___/=/_/_/_/
 :: Spring Boot ::        (v2.2.6.RELEASE)

2020-05-14 15:43:15.324  INFO 51065 --- [    Test worker] c.s.e.i.RestaurantControllerTest         : Starting RestaurantControllerTest on aaronkssui-MacBook-Pro.local with PID 51065 (started by aaron.kss in /Users/aaron.kss/dev/spring-demo-projects/eatgo/eatgo-customer-api)
2020-05-14 15:43:15.325  INFO 51065 --- [    Test worker] c.s.e.i.RestaurantControllerTest         : The following profiles are active: test
2020-05-14 15:43:15.579  INFO 51065 --- [    Test worker] o.s.s.concurrent.ThreadPoolTaskExecutor  : Initializing ExecutorService 'applicationTaskExecutor'
2020-05-14 15:43:15.678  INFO 51065 --- [    Test worker] o.s.b.t.m.w.SpringBootMockServletContext : Initializing Spring TestDispatcherServlet ''
2020-05-14 15:43:15.678  INFO 51065 --- [    Test worker] o.s.t.web.servlet.TestDispatcherServlet  : Initializing Servlet ''
2020-05-14 15:43:15.685  INFO 51065 --- [    Test worker] o.s.t.web.servlet.TestDispatcherServlet  : Completed initialization in 7 ms
2020-05-14 15:43:15.695  INFO 51065 --- [    Test worker] c.s.e.i.RestaurantControllerTest         : Started RestaurantControllerTest in 0.389 seconds (JVM running for 3.114)
]]></system-out>
  <system-err><![CDATA[]]></system-err>
</testsuite>
