<?xml version="1.0" encoding="UTF-8"?>
<testsuite name="com.sskim.eatgo.EatgoCustomerApplicationTests" tests="1" skipped="0" failures="0" errors="0" timestamp="2020-05-20T01:04:07" hostname="aaronkssui-MacBook-Pro.local" time="0.013">
  <properties/>
  <testcase name="contextLoads()" classname="com.sskim.eatgo.EatgoCustomerApplicationTests" time="0.013"/>
  <system-out><![CDATA[2020-05-20 10:04:05.128  INFO 10892 --- [    Test worker] .b.t.c.SpringBootTestContextBootstrapper : Neither @ContextConfiguration nor @ContextHierarchy found for test class [com.sskim.eatgo.EatgoCustomerApplicationTests], using SpringBootContextLoader
2020-05-20 10:04:05.128  INFO 10892 --- [    Test worker] o.s.t.c.support.AbstractContextLoader    : Could not detect default resource locations for test class [com.sskim.eatgo.EatgoCustomerApplicationTests]: no resource found for suffixes {-context.xml, Context.groovy}.
2020-05-20 10:04:05.129  INFO 10892 --- [    Test worker] t.c.s.AnnotationConfigContextLoaderUtils : Could not detect default configuration classes for test class [com.sskim.eatgo.EatgoCustomerApplicationTests]: EatgoCustomerApplicationTests does not declare any static, non-private, non-final, nested classes annotated with @Configuration.
2020-05-20 10:04:05.133  INFO 10892 --- [    Test worker] .b.t.c.SpringBootTestContextBootstrapper : Found @SpringBootConfiguration com.sskim.eatgo.EatgoCustomerApplication for test class com.sskim.eatgo.EatgoCustomerApplicationTests
2020-05-20 10:04:05.135  INFO 10892 --- [    Test worker] .b.t.c.SpringBootTestContextBootstrapper : Loaded default TestExecutionListener class names from location [META-INF/spring.factories]: [org.springframework.boot.test.autoconfigure.restdocs.RestDocsTestExecutionListener, org.springframework.boot.test.autoconfigure.web.client.MockRestServiceServerResetTestExecutionListener, org.springframework.boot.test.autoconfigure.web.servlet.MockMvcPrintOnlyOnFailureTestExecutionListener, org.springframework.boot.test.autoconfigure.web.servlet.WebDriverTestExecutionListener, org.springframework.boot.test.mock.mockito.MockitoTestExecutionListener, org.springframework.boot.test.mock.mockito.ResetMocksTestExecutionListener, org.springframework.test.context.web.ServletTestExecutionListener, org.springframework.test.context.support.DirtiesContextBeforeModesTestExecutionListener, org.springframework.test.context.support.DependencyInjectionTestExecutionListener, org.springframework.test.context.support.DirtiesContextTestExecutionListener, org.springframework.test.context.transaction.TransactionalTestExecutionListener, org.springframework.test.context.jdbc.SqlScriptsTestExecutionListener, org.springframework.test.context.event.EventPublishingTestExecutionListener]
2020-05-20 10:04:05.136  INFO 10892 --- [    Test worker] .b.t.c.SpringBootTestContextBootstrapper : Using TestExecutionListeners: [org.springframework.test.context.web.ServletTestExecutionListener@6811aaec, org.springframework.test.context.support.DirtiesContextBeforeModesTestExecutionListener@294dfe18, org.springframework.boot.test.mock.mockito.MockitoTestExecutionListener@56a6cd6a, org.springframework.boot.test.autoconfigure.SpringBootDependencyInjectionTestExecutionListener@8469208, org.springframework.test.context.support.DirtiesContextTestExecutionListener@6d651f26, org.springframework.test.context.transaction.TransactionalTestExecutionListener@2b9e91ac, org.springframework.test.context.jdbc.SqlScriptsTestExecutionListener@4b33c428, org.springframework.test.context.event.EventPublishingTestExecutionListener@77d9c994, org.springframework.boot.test.autoconfigure.restdocs.RestDocsTestExecutionListener@32007466, org.springframework.boot.test.autoconfigure.web.client.MockRestServiceServerResetTestExecutionListener@6dcc907b, org.springframework.boot.test.autoconfigure.web.servlet.MockMvcPrintOnlyOnFailureTestExecutionListener@380b1b6e, org.springframework.boot.test.autoconfigure.web.servlet.WebDriverTestExecutionListener@127e092, org.springframework.boot.test.mock.mockito.ResetMocksTestExecutionListener@30b51794]

  .   ____          _            __ _ _
 /\\ / ___'_ __ _ _(_)_ __  __ _ \ \ \ \
( ( )\___ | '_ | '_| | '_ \/ _` | \ \ \ \
 \\/  ___)| |_)| | | | | || (_| |  ) ) ) )
  '  |____| .__|_| |_|_| |_\__, | / / / /
 =========|_|==============|___/=/_/_/_/
 :: Spring Boot ::        (v2.2.6.RELEASE)

2020-05-20 10:04:05.168  INFO 10892 --- [    Test worker] c.s.eatgo.EatgoCustomerApplicationTests  : Starting EatgoCustomerApplicationTests on aaronkssui-MacBook-Pro.local with PID 10892 (started by aaron.kss in /Users/aaron.kss/dev/spring-demo-projects/eatgo/eatgo-customer-api)
2020-05-20 10:04:05.168  INFO 10892 --- [    Test worker] c.s.eatgo.EatgoCustomerApplicationTests  : The following profiles are active: test
2020-05-20 10:04:05.417  INFO 10892 --- [    Test worker] .s.d.r.c.RepositoryConfigurationDelegate : Bootstrapping Spring Data JPA repositories in DEFAULT mode.
2020-05-20 10:04:05.482  INFO 10892 --- [    Test worker] .s.d.r.c.RepositoryConfigurationDelegate : Finished Spring Data repository scanning in 55ms. Found 6 JPA repository interfaces.
2020-05-20 10:04:05.808  INFO 10892 --- [    Test worker] o.hibernate.jpa.internal.util.LogHelper  : HHH000204: Processing PersistenceUnitInfo [name: default]
2020-05-20 10:04:05.878  INFO 10892 --- [    Test worker] org.hibernate.Version                    : HHH000412: Hibernate ORM core version 5.4.12.Final
2020-05-20 10:04:05.915  INFO 10892 --- [    Test worker] o.hibernate.annotations.common.Version   : HCANN000001: Hibernate Commons Annotations {5.1.0.Final}
2020-05-20 10:04:06.017  INFO 10892 --- [    Test worker] com.zaxxer.hikari.HikariDataSource       : HikariPool-1 - Starting...
2020-05-20 10:04:06.190  INFO 10892 --- [    Test worker] com.zaxxer.hikari.HikariDataSource       : HikariPool-1 - Start completed.
2020-05-20 10:04:06.211  INFO 10892 --- [    Test worker] org.hibernate.dialect.Dialect            : HHH000400: Using dialect: org.hibernate.dialect.H2Dialect
2020-05-20 10:04:06.860  INFO 10892 --- [    Test worker] o.h.e.t.j.p.i.JtaPlatformInitiator       : HHH000490: Using JtaPlatform implementation: [org.hibernate.engine.transaction.jta.platform.internal.NoJtaPlatform]
2020-05-20 10:04:06.866  INFO 10892 --- [    Test worker] j.LocalContainerEntityManagerFactoryBean : Initialized JPA EntityManagerFactory for persistence unit 'default'
2020-05-20 10:04:07.326  INFO 10892 --- [    Test worker] .s.s.UserDetailsServiceAutoConfiguration : 

Using generated security password: 4db4db53-c1ea-42f1-b4ab-197d74621448

2020-05-20 10:04:07.380  INFO 10892 --- [    Test worker] o.s.s.web.DefaultSecurityFilterChain     : Creating filter chain: any request, [org.springframework.security.web.context.request.async.WebAsyncManagerIntegrationFilter@2fd9599c, org.springframework.security.web.context.SecurityContextPersistenceFilter@4b2b1434, org.springframework.security.web.header.HeaderWriterFilter@7ea716d1, org.springframework.security.web.authentication.logout.LogoutFilter@37ec47ac, com.sskim.eatgo.filters.JwtAuthenticationFilter@4d341063, org.springframework.security.web.savedrequest.RequestCacheAwareFilter@f82f5f8, org.springframework.security.web.servletapi.SecurityContextHolderAwareRequestFilter@49d57b47, org.springframework.security.web.authentication.AnonymousAuthenticationFilter@4223fc0a, org.springframework.security.web.session.SessionManagementFilter@49d2a1d, org.springframework.security.web.access.ExceptionTranslationFilter@47c065ac]
2020-05-20 10:04:07.580  INFO 10892 --- [    Test worker] o.s.s.concurrent.ThreadPoolTaskExecutor  : Initializing ExecutorService 'applicationTaskExecutor'
2020-05-20 10:04:07.773  INFO 10892 --- [    Test worker] c.s.eatgo.EatgoCustomerApplicationTests  : Started EatgoCustomerApplicationTests in 2.627 seconds (JVM running for 8.232)
]]></system-out>
  <system-err><![CDATA[]]></system-err>
</testsuite>
