<?xml version="1.0" encoding="UTF-8"?>
<testsuite name="com.sskim.eatgo.interfaces.ReviewControllerTest" tests="2" skipped="0" failures="0" errors="0" timestamp="2020-05-20T05:42:03" hostname="aaronkssui-MacBook-Pro.local" time="0.034">
  <properties/>
  <testcase name="createWithValidAttributes" classname="com.sskim.eatgo.interfaces.ReviewControllerTest" time="0.015"/>
  <testcase name="createWithInValidAttributes" classname="com.sskim.eatgo.interfaces.ReviewControllerTest" time="0.018"/>
  <system-out><![CDATA[
  .   ____          _            __ _ _
 /\\ / ___'_ __ _ _(_)_ __  __ _ \ \ \ \
( ( )\___ | '_ | '_| | '_ \/ _` | \ \ \ \
 \\/  ___)| |_)| | | | | || (_| |  ) ) ) )
  '  |____| .__|_| |_|_| |_\__, | / / / /
 =========|_|==============|___/=/_/_/_/
 :: Spring Boot ::        (v2.2.6.RELEASE)

2020-05-20 14:42:03.009  INFO 33178 --- [    Test worker] c.s.e.interfaces.ReviewControllerTest    : Starting ReviewControllerTest on aaronkssui-MacBook-Pro.local with PID 33178 (started by aaron.kss in /Users/aaron.kss/dev/spring-demo-projects/eatgo/eatgo-customer-api)
2020-05-20 14:42:03.009  INFO 33178 --- [    Test worker] c.s.e.interfaces.ReviewControllerTest    : The following profiles are active: test
2020-05-20 14:42:03.194  INFO 33178 --- [    Test worker] .s.s.UserDetailsServiceAutoConfiguration : 

Using generated security password: bcf043c1-4b39-47d4-aada-82ee560bcb3b

2020-05-20 14:42:03.236  INFO 33178 --- [    Test worker] o.s.s.web.DefaultSecurityFilterChain     : Creating filter chain: any request, [org.springframework.security.web.context.request.async.WebAsyncManagerIntegrationFilter@36be078e, org.springframework.security.web.context.SecurityContextPersistenceFilter@200a3022, org.springframework.security.web.header.HeaderWriterFilter@6a42ac67, org.springframework.security.web.authentication.logout.LogoutFilter@345bd172, com.sskim.eatgo.filters.JwtAuthenticationFilter@3ecf27ce, org.springframework.security.web.savedrequest.RequestCacheAwareFilter@6fdda750, org.springframework.security.web.servletapi.SecurityContextHolderAwareRequestFilter@10830f58, org.springframework.security.web.authentication.AnonymousAuthenticationFilter@70b6d591, org.springframework.security.web.session.SessionManagementFilter@4c332884, org.springframework.security.web.access.ExceptionTranslationFilter@75474bf8]
2020-05-20 14:42:03.341  INFO 33178 --- [    Test worker] o.s.s.concurrent.ThreadPoolTaskExecutor  : Initializing ExecutorService 'applicationTaskExecutor'
2020-05-20 14:42:03.434  INFO 33178 --- [    Test worker] o.s.b.t.m.w.SpringBootMockServletContext : Initializing Spring TestDispatcherServlet ''
2020-05-20 14:42:03.434  INFO 33178 --- [    Test worker] o.s.t.web.servlet.TestDispatcherServlet  : Initializing Servlet ''
2020-05-20 14:42:03.440  INFO 33178 --- [    Test worker] o.s.t.web.servlet.TestDispatcherServlet  : Completed initialization in 6 ms
2020-05-20 14:42:03.450  INFO 33178 --- [    Test worker] c.s.e.interfaces.ReviewControllerTest    : Started ReviewControllerTest in 0.458 seconds (JVM running for 6.492)
2020-05-20 14:42:03.484  WARN 33178 --- [    Test worker] .w.s.m.s.DefaultHandlerExceptionResolver : Resolved [org.springframework.web.bind.MethodArgumentNotValidException: Validation failed for argument [2] in public org.springframework.http.ResponseEntity com.sskim.eatgo.interfaces.ReviewController.create(org.springframework.security.core.Authentication,java.lang.Long,com.sskim.eatgo.domain.Review) throws java.net.URISyntaxException: [Field error in object 'review' on field 'description': rejected value [null]; codes [NotEmpty.review.description,NotEmpty.description,NotEmpty.java.lang.String,NotEmpty]; arguments [org.springframework.context.support.DefaultMessageSourceResolvable: codes [review.description,description]; arguments []; default message [description]]; default message [must not be empty]] ]
]]></system-out>
  <system-err><![CDATA[]]></system-err>
</testsuite>
