<?xml version="1.0" encoding="UTF-8"?>
<testsuite name="com.sskim.eatgo.interfaces.ReservationControllerTests" tests="1" skipped="0" failures="0" errors="0" timestamp="2020-05-20T05:42:01" hostname="aaronkssui-MacBook-Pro.local" time="0.154">
  <properties/>
  <testcase name="create" classname="com.sskim.eatgo.interfaces.ReservationControllerTests" time="0.154"/>
  <system-out><![CDATA[
  .   ____          _            __ _ _
 /\\ / ___'_ __ _ _(_)_ __  __ _ \ \ \ \
( ( )\___ | '_ | '_| | '_ \/ _` | \ \ \ \
 \\/  ___)| |_)| | | | | || (_| |  ) ) ) )
  '  |____| .__|_| |_|_| |_\__, | / / / /
 =========|_|==============|___/=/_/_/_/
 :: Spring Boot ::        (v2.2.6.RELEASE)

2020-05-20 14:42:01.246  INFO 33178 --- [    Test worker] c.s.e.i.ReservationControllerTests       : Starting ReservationControllerTests on aaronkssui-MacBook-Pro.local with PID 33178 (started by aaron.kss in /Users/aaron.kss/dev/spring-demo-projects/eatgo/eatgo-customer-api)
2020-05-20 14:42:01.246  INFO 33178 --- [    Test worker] c.s.e.i.ReservationControllerTests       : The following profiles are active: test
2020-05-20 14:42:01.452  INFO 33178 --- [    Test worker] .s.s.UserDetailsServiceAutoConfiguration : 

Using generated security password: 0a65ef59-bb1e-4089-903f-a81cf4377ed7

2020-05-20 14:42:01.497  INFO 33178 --- [    Test worker] o.s.s.web.DefaultSecurityFilterChain     : Creating filter chain: any request, [org.springframework.security.web.context.request.async.WebAsyncManagerIntegrationFilter@3f1dae91, org.springframework.security.web.context.SecurityContextPersistenceFilter@10434619, org.springframework.security.web.header.HeaderWriterFilter@1f3e3d55, org.springframework.security.web.authentication.logout.LogoutFilter@63410dce, com.sskim.eatgo.filters.JwtAuthenticationFilter@5ff6a344, org.springframework.security.web.savedrequest.RequestCacheAwareFilter@3f7c6f98, org.springframework.security.web.servletapi.SecurityContextHolderAwareRequestFilter@514639b7, org.springframework.security.web.authentication.AnonymousAuthenticationFilter@710be649, org.springframework.security.web.session.SessionManagementFilter@16c5d069, org.springframework.security.web.access.ExceptionTranslationFilter@46cd3ba2]
2020-05-20 14:42:01.606  INFO 33178 --- [    Test worker] o.s.s.concurrent.ThreadPoolTaskExecutor  : Initializing ExecutorService 'applicationTaskExecutor'
2020-05-20 14:42:01.717  INFO 33178 --- [    Test worker] o.s.b.t.m.w.SpringBootMockServletContext : Initializing Spring TestDispatcherServlet ''
2020-05-20 14:42:01.718  INFO 33178 --- [    Test worker] o.s.t.web.servlet.TestDispatcherServlet  : Initializing Servlet ''
2020-05-20 14:42:01.725  INFO 33178 --- [    Test worker] o.s.t.web.servlet.TestDispatcherServlet  : Completed initialization in 7 ms
2020-05-20 14:42:01.735  INFO 33178 --- [    Test worker] c.s.e.i.ReservationControllerTests       : Started ReservationControllerTests in 0.506 seconds (JVM running for 4.777)
]]></system-out>
  <system-err><![CDATA[]]></system-err>
</testsuite>
