<?xml version="1.0" encoding="UTF-8"?>
<testsuite name="com.sskim.eatgo.application.CategoryServiceTests" tests="1" skipped="0" failures="0" errors="0" timestamp="2020-05-14T23:56:21" hostname="aaronkssui-MacBook-Pro.local" time="0.03">
  <properties/>
  <testcase name="getCategories" classname="com.sskim.eatgo.application.CategoryServiceTests" time="0.03"/>
  <system-out><![CDATA[]]></system-out>
  <system-err><![CDATA[]]></system-err>
</testsuite>
