<?xml version="1.0" encoding="UTF-8"?>
<testsuite name="com.sskim.eatgo.interfaces.MenuItemControllerTest" tests="2" skipped="0" failures="0" errors="0" timestamp="2020-05-20T01:03:53" hostname="aaronkssui-MacBook-Pro.local" time="0.012">
  <properties/>
  <testcase name="bulkUpdate" classname="com.sskim.eatgo.interfaces.MenuItemControllerTest" time="0.006"/>
  <testcase name="list" classname="com.sskim.eatgo.interfaces.MenuItemControllerTest" time="0.005"/>
  <system-out><![CDATA[
  .   ____          _            __ _ _
 /\\ / ___'_ __ _ _(_)_ __  __ _ \ \ \ \
( ( )\___ | '_ | '_| | '_ \/ _` | \ \ \ \
 \\/  ___)| |_)| | | | | || (_| |  ) ) ) )
  '  |____| .__|_| |_|_| |_\__, | / / / /
 =========|_|==============|___/=/_/_/_/
 :: Spring Boot ::        (v2.2.6.RELEASE)

2020-05-20 10:03:53.601  INFO 10871 --- [    Test worker] c.s.e.interfaces.MenuItemControllerTest  : Starting MenuItemControllerTest on aaronkssui-MacBook-Pro.local with PID 10871 (started by aaron.kss in /Users/aaron.kss/dev/spring-demo-projects/eatgo/eatgo-admin-api)
2020-05-20 10:03:53.601  INFO 10871 --- [    Test worker] c.s.e.interfaces.MenuItemControllerTest  : The following profiles are active: test
2020-05-20 10:03:53.805  INFO 10871 --- [    Test worker] o.s.s.concurrent.ThreadPoolTaskExecutor  : Initializing ExecutorService 'applicationTaskExecutor'
2020-05-20 10:03:53.895  INFO 10871 --- [    Test worker] o.s.b.t.m.w.SpringBootMockServletContext : Initializing Spring TestDispatcherServlet ''
2020-05-20 10:03:53.895  INFO 10871 --- [    Test worker] o.s.t.web.servlet.TestDispatcherServlet  : Initializing Servlet ''
2020-05-20 10:03:53.901  INFO 10871 --- [    Test worker] o.s.t.web.servlet.TestDispatcherServlet  : Completed initialization in 6 ms
2020-05-20 10:03:53.910  INFO 10871 --- [    Test worker] c.s.e.interfaces.MenuItemControllerTest  : Started MenuItemControllerTest in 0.326 seconds (JVM running for 4.19)
]]></system-out>
  <system-err><![CDATA[]]></system-err>
</testsuite>
