<?xml version="1.0" encoding="UTF-8"?>
<testsuite name="com.sskim.eatgo.interfaces.RestaurantControllerTest" tests="8" skipped="0" failures="0" errors="0" timestamp="2020-05-20T00:38:01" hostname="aaronkssui-MacBook-Pro.local" time="0.147">
  <properties/>
  <testcase name="updateWithOutName" classname="com.sskim.eatgo.interfaces.RestaurantControllerTest" time="0.101"/>
  <testcase name="updateWithValidData" classname="com.sskim.eatgo.interfaces.RestaurantControllerTest" time="0.004"/>
  <testcase name="list" classname="com.sskim.eatgo.interfaces.RestaurantControllerTest" time="0.007"/>
  <testcase name="detailWithNotExisted" classname="com.sskim.eatgo.interfaces.RestaurantControllerTest" time="0.006"/>
  <testcase name="detailWithExisted" classname="com.sskim.eatgo.interfaces.RestaurantControllerTest" time="0.006"/>
  <testcase name="createWithInValidData" classname="com.sskim.eatgo.interfaces.RestaurantControllerTest" time="0.005"/>
  <testcase name="createWithValidData" classname="com.sskim.eatgo.interfaces.RestaurantControllerTest" time="0.006"/>
  <testcase name="updateWithInValidData" classname="com.sskim.eatgo.interfaces.RestaurantControllerTest" time="0.004"/>
  <system-out><![CDATA[
  .   ____          _            __ _ _
 /\\ / ___'_ __ _ _(_)_ __  __ _ \ \ \ \
( ( )\___ | '_ | '_| | '_ \/ _` | \ \ \ \
 \\/  ___)| |_)| | | | | || (_| |  ) ) ) )
  '  |____| .__|_| |_|_| |_\__, | / / / /
 =========|_|==============|___/=/_/_/_/
 :: Spring Boot ::        (v2.2.6.RELEASE)

2020-05-20 09:38:00.783  INFO 6340 --- [    Test worker] c.s.e.i.RestaurantControllerTest         : Starting RestaurantControllerTest on aaronkssui-MacBook-Pro.local with PID 6340 (started by aaron.kss in /Users/aaron.kss/dev/spring-demo-projects/eatgo/eatgo-admin-api)
2020-05-20 09:38:00.783  INFO 6340 --- [    Test worker] c.s.e.i.RestaurantControllerTest         : The following profiles are active: test
2020-05-20 09:38:01.033  INFO 6340 --- [    Test worker] o.s.s.concurrent.ThreadPoolTaskExecutor  : Initializing ExecutorService 'applicationTaskExecutor'
2020-05-20 09:38:01.149  INFO 6340 --- [    Test worker] o.s.b.t.m.w.SpringBootMockServletContext : Initializing Spring TestDispatcherServlet ''
2020-05-20 09:38:01.150  INFO 6340 --- [    Test worker] o.s.t.web.servlet.TestDispatcherServlet  : Initializing Servlet ''
2020-05-20 09:38:01.155  INFO 6340 --- [    Test worker] o.s.t.web.servlet.TestDispatcherServlet  : Completed initialization in 5 ms
2020-05-20 09:38:01.166  INFO 6340 --- [    Test worker] c.s.e.i.RestaurantControllerTest         : Started RestaurantControllerTest in 0.402 seconds (JVM running for 4.332)
2020-05-20 09:38:01.268  WARN 6340 --- [    Test worker] .w.s.m.s.DefaultHandlerExceptionResolver : Resolved [org.springframework.web.bind.MethodArgumentNotValidException: Validation failed for argument [1] in public java.lang.String com.sskim.eatgo.interfaces.RestaurantController.update(java.lang.Long,com.sskim.eatgo.domain.Restaurant) with 2 errors: [Field error in object 'restaurant' on field 'categoryId': rejected value [null]; codes [NotNull.restaurant.categoryId,NotNull.categoryId,NotNull.java.lang.Long,NotNull]; arguments [org.springframework.context.support.DefaultMessageSourceResolvable: codes [restaurant.categoryId,categoryId]; arguments []; default message [categoryId]]; default message [must not be null]] [Field error in object 'restaurant' on field 'name': rejected value []; codes [NotEmpty.restaurant.name,NotEmpty.name,NotEmpty.java.lang.String,NotEmpty]; arguments [org.springframework.context.support.DefaultMessageSourceResolvable: codes [restaurant.name,name]; arguments []; default message [name]]; default message [must not be empty]] ]
2020-05-20 09:38:01.302  WARN 6340 --- [    Test worker] .w.s.m.s.DefaultHandlerExceptionResolver : Resolved [org.springframework.web.bind.MethodArgumentNotValidException: Validation failed for argument [0] in public org.springframework.http.ResponseEntity com.sskim.eatgo.interfaces.RestaurantController.create(com.sskim.eatgo.domain.Restaurant) throws java.net.URISyntaxException with 3 errors: [Field error in object 'restaurant' on field 'name': rejected value []; codes [NotEmpty.restaurant.name,NotEmpty.name,NotEmpty.java.lang.String,NotEmpty]; arguments [org.springframework.context.support.DefaultMessageSourceResolvable: codes [restaurant.name,name]; arguments []; default message [name]]; default message [must not be empty]] [Field error in object 'restaurant' on field 'address': rejected value []; codes [NotEmpty.restaurant.address,NotEmpty.address,NotEmpty.java.lang.String,NotEmpty]; arguments [org.springframework.context.support.DefaultMessageSourceResolvable: codes [restaurant.address,address]; arguments []; default message [address]]; default message [must not be empty]] [Field error in object 'restaurant' on field 'categoryId': rejected value [null]; codes [NotNull.restaurant.categoryId,NotNull.categoryId,NotNull.java.lang.Long,NotNull]; arguments [org.springframework.context.support.DefaultMessageSourceResolvable: codes [restaurant.categoryId,categoryId]; arguments []; default message [categoryId]]; default message [must not be null]] ]
2020-05-20 09:38:01.314  WARN 6340 --- [    Test worker] .w.s.m.s.DefaultHandlerExceptionResolver : Resolved [org.springframework.web.bind.MethodArgumentNotValidException: Validation failed for argument [1] in public java.lang.String com.sskim.eatgo.interfaces.RestaurantController.update(java.lang.Long,com.sskim.eatgo.domain.Restaurant) with 3 errors: [Field error in object 'restaurant' on field 'categoryId': rejected value [null]; codes [NotNull.restaurant.categoryId,NotNull.categoryId,NotNull.java.lang.Long,NotNull]; arguments [org.springframework.context.support.DefaultMessageSourceResolvable: codes [restaurant.categoryId,categoryId]; arguments []; default message [categoryId]]; default message [must not be null]] [Field error in object 'restaurant' on field 'address': rejected value []; codes [NotEmpty.restaurant.address,NotEmpty.address,NotEmpty.java.lang.String,NotEmpty]; arguments [org.springframework.context.support.DefaultMessageSourceResolvable: codes [restaurant.address,address]; arguments []; default message [address]]; default message [must not be empty]] [Field error in object 'restaurant' on field 'name': rejected value []; codes [NotEmpty.restaurant.name,NotEmpty.name,NotEmpty.java.lang.String,NotEmpty]; arguments [org.springframework.context.support.DefaultMessageSourceResolvable: codes [restaurant.name,name]; arguments []; default message [name]]; default message [must not be empty]] ]
]]></system-out>
  <system-err><![CDATA[]]></system-err>
</testsuite>
