<?xml version="1.0" encoding="UTF-8"?>
<testsuite name="com.sskim.eatgo.interfaces.UserControllerTests" tests="4" skipped="0" failures="0" errors="0" timestamp="2020-05-20T01:03:53" hostname="aaronkssui-MacBook-Pro.local" time="0.048">
  <properties/>
  <testcase name="deactivate" classname="com.sskim.eatgo.interfaces.UserControllerTests" time="0.012"/>
  <testcase name="create" classname="com.sskim.eatgo.interfaces.UserControllerTests" time="0.012"/>
  <testcase name="update" classname="com.sskim.eatgo.interfaces.UserControllerTests" time="0.009"/>
  <testcase name="list" classname="com.sskim.eatgo.interfaces.UserControllerTests" time="0.012"/>
  <system-out><![CDATA[
  .   ____          _            __ _ _
 /\\ / ___'_ __ _ _(_)_ __  __ _ \ \ \ \
( ( )\___ | '_ | '_| | '_ \/ _` | \ \ \ \
 \\/  ___)| |_)| | | | | || (_| |  ) ) ) )
  '  |____| .__|_| |_|_| |_\__, | / / / /
 =========|_|==============|___/=/_/_/_/
 :: Spring Boot ::        (v2.2.6.RELEASE)

2020-05-20 10:03:52.691  INFO 10871 --- [    Test worker] c.s.e.interfaces.UserControllerTests     : Starting UserControllerTests on aaronkssui-MacBook-Pro.local with PID 10871 (started by aaron.kss in /Users/aaron.kss/dev/spring-demo-projects/eatgo/eatgo-admin-api)
2020-05-20 10:03:52.691  INFO 10871 --- [    Test worker] c.s.e.interfaces.UserControllerTests     : The following profiles are active: test
2020-05-20 10:03:52.946  INFO 10871 --- [    Test worker] o.s.s.concurrent.ThreadPoolTaskExecutor  : Initializing ExecutorService 'applicationTaskExecutor'
2020-05-20 10:03:53.042  INFO 10871 --- [    Test worker] o.s.b.t.m.w.SpringBootMockServletContext : Initializing Spring TestDispatcherServlet ''
2020-05-20 10:03:53.042  INFO 10871 --- [    Test worker] o.s.t.web.servlet.TestDispatcherServlet  : Initializing Servlet ''
2020-05-20 10:03:53.048  INFO 10871 --- [    Test worker] o.s.t.web.servlet.TestDispatcherServlet  : Completed initialization in 5 ms
2020-05-20 10:03:53.059  INFO 10871 --- [    Test worker] c.s.e.interfaces.UserControllerTests     : Started UserControllerTests in 0.387 seconds (JVM running for 3.339)
2020-05-20 10:03:53.064  INFO 10871 --- [    Test worker] o.s.b.t.m.w.SpringBootMockServletContext : Initializing Spring TestDispatcherServlet ''
2020-05-20 10:03:53.064  INFO 10871 --- [    Test worker] o.s.t.web.servlet.TestDispatcherServlet  : Initializing Servlet ''
2020-05-20 10:03:53.065  INFO 10871 --- [    Test worker] o.s.t.web.servlet.TestDispatcherServlet  : Completed initialization in 1 ms

MockHttpServletRequest:
      HTTP Method = DELETE
      Request URI = /users/1004
       Parameters = {}
          Headers = []
             Body = null
    Session Attrs = {}

Handler:
             Type = com.sskim.eatgo.interfaces.UserController
           Method = com.sskim.eatgo.interfaces.UserController#delete(Long)

Async:
    Async started = false
     Async result = null

Resolved Exception:
             Type = null

ModelAndView:
        View name = null
             View = null
            Model = null

FlashMap:
       Attributes = null

MockHttpServletResponse:
           Status = 200
    Error message = null
          Headers = [Content-Type:"text/plain;charset=UTF-8", Content-Length:"2"]
     Content type = text/plain;charset=UTF-8
             Body = {}
    Forwarded URL = null
   Redirected URL = null
          Cookies = []
2020-05-20 10:03:53.076  INFO 10871 --- [    Test worker] o.s.b.t.m.w.SpringBootMockServletContext : Initializing Spring TestDispatcherServlet ''
2020-05-20 10:03:53.076  INFO 10871 --- [    Test worker] o.s.t.web.servlet.TestDispatcherServlet  : Initializing Servlet ''
2020-05-20 10:03:53.077  INFO 10871 --- [    Test worker] o.s.t.web.servlet.TestDispatcherServlet  : Completed initialization in 1 ms

MockHttpServletRequest:
      HTTP Method = POST
      Request URI = /users
       Parameters = {}
          Headers = [Content-Type:"application/json;charset=UTF-8", Content-Length:"52"]
             Body = {"email":"admin@exmaple.com","name":"Administrator"}
    Session Attrs = {}

Handler:
             Type = com.sskim.eatgo.interfaces.UserController
           Method = com.sskim.eatgo.interfaces.UserController#create(User)

Async:
    Async started = false
     Async result = null

Resolved Exception:
             Type = null

ModelAndView:
        View name = null
             View = null
            Model = null

FlashMap:
       Attributes = null

MockHttpServletResponse:
           Status = 201
    Error message = null
          Headers = [Location:"/users/null", Content-Type:"text/plain;charset=UTF-8", Content-Length:"2"]
     Content type = text/plain;charset=UTF-8
             Body = {}
    Forwarded URL = null
   Redirected URL = /users/null
          Cookies = []
2020-05-20 10:03:53.089  INFO 10871 --- [    Test worker] o.s.b.t.m.w.SpringBootMockServletContext : Initializing Spring TestDispatcherServlet ''
2020-05-20 10:03:53.089  INFO 10871 --- [    Test worker] o.s.t.web.servlet.TestDispatcherServlet  : Initializing Servlet ''
2020-05-20 10:03:53.090  INFO 10871 --- [    Test worker] o.s.t.web.servlet.TestDispatcherServlet  : Completed initialization in 1 ms

MockHttpServletRequest:
      HTTP Method = PATCH
      Request URI = /users/1004
       Parameters = {}
          Headers = [Content-Type:"application/json;charset=UTF-8", Content-Length:"65"]
             Body = {"email":"admin@exmaple.com","name":"Administrator", "level":100}
    Session Attrs = {}

Handler:
             Type = com.sskim.eatgo.interfaces.UserController
           Method = com.sskim.eatgo.interfaces.UserController#update(Long, User)

Async:
    Async started = false
     Async result = null

Resolved Exception:
             Type = null

ModelAndView:
        View name = null
             View = null
            Model = null

FlashMap:
       Attributes = null

MockHttpServletResponse:
           Status = 201
    Error message = null
          Headers = [Location:"/users/null", Content-Type:"text/plain;charset=UTF-8", Content-Length:"2"]
     Content type = text/plain;charset=UTF-8
             Body = {}
    Forwarded URL = null
   Redirected URL = /users/null
          Cookies = []
2020-05-20 10:03:53.099  INFO 10871 --- [    Test worker] o.s.b.t.m.w.SpringBootMockServletContext : Initializing Spring TestDispatcherServlet ''
2020-05-20 10:03:53.099  INFO 10871 --- [    Test worker] o.s.t.web.servlet.TestDispatcherServlet  : Initializing Servlet ''
2020-05-20 10:03:53.100  INFO 10871 --- [    Test worker] o.s.t.web.servlet.TestDispatcherServlet  : Completed initialization in 1 ms

MockHttpServletRequest:
      HTTP Method = GET
      Request URI = /users
       Parameters = {}
          Headers = []
             Body = null
    Session Attrs = {}

Handler:
             Type = com.sskim.eatgo.interfaces.UserController
           Method = com.sskim.eatgo.interfaces.UserController#list()

Async:
    Async started = false
     Async result = null

Resolved Exception:
             Type = null

ModelAndView:
        View name = null
             View = null
            Model = null

FlashMap:
       Attributes = null

MockHttpServletResponse:
           Status = 200
    Error message = null
          Headers = [Content-Type:"application/json;charset=UTF-8"]
     Content type = application/json
             Body = [{"id":null,"email":"test@test.com","name":"테스터","level":100,"password":null,"admin":true,"active":true}]
    Forwarded URL = null
   Redirected URL = null
          Cookies = []
]]></system-out>
  <system-err><![CDATA[]]></system-err>
</testsuite>
