<?xml version="1.0" encoding="UTF-8"?>
<testsuite name="com.sskim.eatgo.application.UserServiceTests" tests="4" skipped="0" failures="0" errors="0" timestamp="2020-05-20T01:03:50" hostname="aaronkssui-MacBook-Pro.local" time="0.021">
  <properties/>
  <testcase name="addUser" classname="com.sskim.eatgo.application.UserServiceTests" time="0.019"/>
  <testcase name="update" classname="com.sskim.eatgo.application.UserServiceTests" time="0.001"/>
  <testcase name="deactivateUser" classname="com.sskim.eatgo.application.UserServiceTests" time="0.001"/>
  <testcase name="getUsers" classname="com.sskim.eatgo.application.UserServiceTests" time="0.0"/>
  <system-out><![CDATA[]]></system-out>
  <system-err><![CDATA[]]></system-err>
</testsuite>
