<?xml version="1.0" encoding="UTF-8"?>
<testsuite name="com.sskim.eatgo.application.MenuItemServiceTest" tests="2" skipped="0" failures="0" errors="0" timestamp="2020-05-14T06:43:04" hostname="aaronkssui-MacBook-Pro.local" time="0.335">
  <properties/>
  <testcase name="getMenuItems" classname="com.sskim.eatgo.application.MenuItemServiceTest" time="0.33"/>
  <testcase name="bulkUpdate" classname="com.sskim.eatgo.application.MenuItemServiceTest" time="0.005"/>
  <system-out><![CDATA[]]></system-out>
  <system-err><![CDATA[]]></system-err>
</testsuite>
