<?xml version="1.0" encoding="UTF-8"?>
<testsuite name="com.sskim.eatgo.interfaces.MenuItemControllerTest" tests="2" skipped="0" failures="0" errors="0" timestamp="2020-05-14T01:22:19" hostname="aaronkssui-MacBook-Pro.local" time="0.013">
  <properties/>
  <testcase name="bulkUpdate" classname="com.sskim.eatgo.interfaces.MenuItemControllerTest" time="0.007"/>
  <testcase name="list" classname="com.sskim.eatgo.interfaces.MenuItemControllerTest" time="0.006"/>
  <system-out><![CDATA[
  .   ____          _            __ _ _
 /\\ / ___'_ __ _ _(_)_ __  __ _ \ \ \ \
( ( )\___ | '_ | '_| | '_ \/ _` | \ \ \ \
 \\/  ___)| |_)| | | | | || (_| |  ) ) ) )
  '  |____| .__|_| |_|_| |_\__, | / / / /
 =========|_|==============|___/=/_/_/_/
 :: Spring Boot ::        (v2.2.6.RELEASE)

2020-05-14 10:22:19.435  INFO 24985 --- [    Test worker] c.s.e.interfaces.MenuItemControllerTest  : Starting MenuItemControllerTest on aaronkssui-MacBook-Pro.local with PID 24985 (started by aaron.kss in /Users/aaron.kss/dev/spring-demo-projects/eatgo/eatgo-admin-api)
2020-05-14 10:22:19.436  INFO 24985 --- [    Test worker] c.s.e.interfaces.MenuItemControllerTest  : No active profile set, falling back to default profiles: default
2020-05-14 10:22:19.672  INFO 24985 --- [    Test worker] o.s.s.concurrent.ThreadPoolTaskExecutor  : Initializing ExecutorService 'applicationTaskExecutor'
2020-05-14 10:22:19.768  INFO 24985 --- [    Test worker] o.s.b.t.m.w.SpringBootMockServletContext : Initializing Spring TestDispatcherServlet ''
2020-05-14 10:22:19.768  INFO 24985 --- [    Test worker] o.s.t.web.servlet.TestDispatcherServlet  : Initializing Servlet ''
2020-05-14 10:22:19.774  INFO 24985 --- [    Test worker] o.s.t.web.servlet.TestDispatcherServlet  : Completed initialization in 5 ms
2020-05-14 10:22:19.784  INFO 24985 --- [    Test worker] c.s.e.interfaces.MenuItemControllerTest  : Started MenuItemControllerTest in 0.366 seconds (JVM running for 3.116)
]]></system-out>
  <system-err><![CDATA[]]></system-err>
</testsuite>
