<?xml version="1.0" encoding="UTF-8"?>
<testsuite name="com.sskim.eatgo.application.RegionServiceTests" tests="2" skipped="0" failures="0" errors="0" timestamp="2020-05-15T06:31:57" hostname="aaronkssui-MacBook-Pro.local" time="0.018">
  <properties/>
  <testcase name="addRegion" classname="com.sskim.eatgo.application.RegionServiceTests" time="0.017"/>
  <testcase name="getRegions" classname="com.sskim.eatgo.application.RegionServiceTests" time="0.0"/>
  <system-out><![CDATA[]]></system-out>
  <system-err><![CDATA[]]></system-err>
</testsuite>
