<?xml version="1.0" encoding="UTF-8"?>
<testsuite name="com.sskim.eatgo.interfaces.RegionControllerTests" tests="2" skipped="0" failures="0" errors="0" timestamp="2020-05-14T23:56:15" hostname="aaronkssui-MacBook-Pro.local" time="0.01">
  <properties/>
  <testcase name="create" classname="com.sskim.eatgo.interfaces.RegionControllerTests" time="0.005"/>
  <testcase name="list" classname="com.sskim.eatgo.interfaces.RegionControllerTests" time="0.004"/>
  <system-out><![CDATA[
  .   ____          _            __ _ _
 /\\ / ___'_ __ _ _(_)_ __  __ _ \ \ \ \
( ( )\___ | '_ | '_| | '_ \/ _` | \ \ \ \
 \\/  ___)| |_)| | | | | || (_| |  ) ) ) )
  '  |____| .__|_| |_|_| |_\__, | / / / /
 =========|_|==============|___/=/_/_/_/
 :: Spring Boot ::        (v2.2.6.RELEASE)

2020-05-15 08:56:15.062  INFO 21378 --- [    Test worker] c.s.e.interfaces.RegionControllerTests   : Starting RegionControllerTests on aaronkssui-MacBook-Pro.local with PID 21378 (started by aaron.kss in /Users/aaron.kss/dev/spring-demo-projects/eatgo/eatgo-admin-api)
2020-05-15 08:56:15.062  INFO 21378 --- [    Test worker] c.s.e.interfaces.RegionControllerTests   : The following profiles are active: test
2020-05-15 08:56:15.261  INFO 21378 --- [    Test worker] o.s.s.concurrent.ThreadPoolTaskExecutor  : Initializing ExecutorService 'applicationTaskExecutor'
2020-05-15 08:56:15.344  INFO 21378 --- [    Test worker] o.s.b.t.m.w.SpringBootMockServletContext : Initializing Spring TestDispatcherServlet ''
2020-05-15 08:56:15.344  INFO 21378 --- [    Test worker] o.s.t.web.servlet.TestDispatcherServlet  : Initializing Servlet ''
2020-05-15 08:56:15.350  INFO 21378 --- [    Test worker] o.s.t.web.servlet.TestDispatcherServlet  : Completed initialization in 6 ms
2020-05-15 08:56:15.359  INFO 21378 --- [    Test worker] c.s.e.interfaces.RegionControllerTests   : Started RegionControllerTests in 0.312 seconds (JVM running for 3.952)
]]></system-out>
  <system-err><![CDATA[]]></system-err>
</testsuite>
