<?xml version="1.0" encoding="UTF-8"?>
<testsuite name="com.sskim.eatgo.EatgoAdminApplicationTests" tests="1" skipped="0" failures="0" errors="0" timestamp="2020-05-19T06:01:03" hostname="aaronkssui-MacBook-Pro.local" time="0.014">
  <properties/>
  <testcase name="contextLoads()" classname="com.sskim.eatgo.EatgoAdminApplicationTests" time="0.014"/>
  <system-out><![CDATA[2020-05-19 15:01:00.798  INFO 39389 --- [    Test worker] .b.t.c.SpringBootTestContextBootstrapper : Neither @ContextConfiguration nor @ContextHierarchy found for test class [com.sskim.eatgo.EatgoAdminApplicationTests], using SpringBootContextLoader
2020-05-19 15:01:00.799  INFO 39389 --- [    Test worker] o.s.t.c.support.AbstractContextLoader    : Could not detect default resource locations for test class [com.sskim.eatgo.EatgoAdminApplicationTests]: no resource found for suffixes {-context.xml, Context.groovy}.
2020-05-19 15:01:00.799  INFO 39389 --- [    Test worker] t.c.s.AnnotationConfigContextLoaderUtils : Could not detect default configuration classes for test class [com.sskim.eatgo.EatgoAdminApplicationTests]: EatgoAdminApplicationTests does not declare any static, non-private, non-final, nested classes annotated with @Configuration.
2020-05-19 15:01:00.805  INFO 39389 --- [    Test worker] .b.t.c.SpringBootTestContextBootstrapper : Found @SpringBootConfiguration com.sskim.eatgo.EatgoAdminApplication for test class com.sskim.eatgo.EatgoAdminApplicationTests
2020-05-19 15:01:00.807  INFO 39389 --- [    Test worker] .b.t.c.SpringBootTestContextBootstrapper : Loaded default TestExecutionListener class names from location [META-INF/spring.factories]: [org.springframework.boot.test.autoconfigure.restdocs.RestDocsTestExecutionListener, org.springframework.boot.test.autoconfigure.web.client.MockRestServiceServerResetTestExecutionListener, org.springframework.boot.test.autoconfigure.web.servlet.MockMvcPrintOnlyOnFailureTestExecutionListener, org.springframework.boot.test.autoconfigure.web.servlet.WebDriverTestExecutionListener, org.springframework.boot.test.mock.mockito.MockitoTestExecutionListener, org.springframework.boot.test.mock.mockito.ResetMocksTestExecutionListener, org.springframework.test.context.web.ServletTestExecutionListener, org.springframework.test.context.support.DirtiesContextBeforeModesTestExecutionListener, org.springframework.test.context.support.DependencyInjectionTestExecutionListener, org.springframework.test.context.support.DirtiesContextTestExecutionListener, org.springframework.test.context.transaction.TransactionalTestExecutionListener, org.springframework.test.context.jdbc.SqlScriptsTestExecutionListener, org.springframework.test.context.event.EventPublishingTestExecutionListener]
2020-05-19 15:01:00.807  INFO 39389 --- [    Test worker] .b.t.c.SpringBootTestContextBootstrapper : Using TestExecutionListeners: [org.springframework.test.context.web.ServletTestExecutionListener@5aad1260, org.springframework.test.context.support.DirtiesContextBeforeModesTestExecutionListener@280044e2, org.springframework.boot.test.mock.mockito.MockitoTestExecutionListener@62c249fd, org.springframework.boot.test.autoconfigure.SpringBootDependencyInjectionTestExecutionListener@14c836fb, org.springframework.test.context.support.DirtiesContextTestExecutionListener@26441810, org.springframework.test.context.transaction.TransactionalTestExecutionListener@cc97f6e, org.springframework.test.context.jdbc.SqlScriptsTestExecutionListener@7cb452ab, org.springframework.test.context.event.EventPublishingTestExecutionListener@299edc28, org.springframework.boot.test.autoconfigure.restdocs.RestDocsTestExecutionListener@2f9cd593, org.springframework.boot.test.autoconfigure.web.client.MockRestServiceServerResetTestExecutionListener@68e9ed01, org.springframework.boot.test.autoconfigure.web.servlet.MockMvcPrintOnlyOnFailureTestExecutionListener@3696cbbd, org.springframework.boot.test.autoconfigure.web.servlet.WebDriverTestExecutionListener@69b62edb, org.springframework.boot.test.mock.mockito.ResetMocksTestExecutionListener@204f5e33]

  .   ____          _            __ _ _
 /\\ / ___'_ __ _ _(_)_ __  __ _ \ \ \ \
( ( )\___ | '_ | '_| | '_ \/ _` | \ \ \ \
 \\/  ___)| |_)| | | | | || (_| |  ) ) ) )
  '  |____| .__|_| |_|_| |_\__, | / / / /
 =========|_|==============|___/=/_/_/_/
 :: Spring Boot ::        (v2.2.6.RELEASE)

2020-05-19 15:01:00.830  INFO 39389 --- [    Test worker] c.s.eatgo.EatgoAdminApplicationTests     : Starting EatgoAdminApplicationTests on aaronkssui-MacBook-Pro.local with PID 39389 (started by aaron.kss in /Users/aaron.kss/dev/spring-demo-projects/eatgo/eatgo-admin-api)
2020-05-19 15:01:00.830  INFO 39389 --- [    Test worker] c.s.eatgo.EatgoAdminApplicationTests     : The following profiles are active: test
2020-05-19 15:01:01.037  INFO 39389 --- [    Test worker] .s.d.r.c.RepositoryConfigurationDelegate : Bootstrapping Spring Data JPA repositories in DEFAULT mode.
2020-05-19 15:01:01.098  INFO 39389 --- [    Test worker] .s.d.r.c.RepositoryConfigurationDelegate : Finished Spring Data repository scanning in 52ms. Found 6 JPA repository interfaces.
2020-05-19 15:01:01.423  INFO 39389 --- [    Test worker] o.hibernate.jpa.internal.util.LogHelper  : HHH000204: Processing PersistenceUnitInfo [name: default]
2020-05-19 15:01:01.519  INFO 39389 --- [    Test worker] org.hibernate.Version                    : HHH000412: Hibernate ORM core version 5.4.12.Final
2020-05-19 15:01:01.563  INFO 39389 --- [    Test worker] o.hibernate.annotations.common.Version   : HCANN000001: Hibernate Commons Annotations {5.1.0.Final}
2020-05-19 15:01:01.731  INFO 39389 --- [    Test worker] com.zaxxer.hikari.HikariDataSource       : HikariPool-1 - Starting...
2020-05-19 15:01:01.959  INFO 39389 --- [    Test worker] com.zaxxer.hikari.HikariDataSource       : HikariPool-1 - Start completed.
2020-05-19 15:01:01.984  INFO 39389 --- [    Test worker] org.hibernate.dialect.Dialect            : HHH000400: Using dialect: org.hibernate.dialect.H2Dialect
2020-05-19 15:01:02.709  INFO 39389 --- [    Test worker] o.h.e.t.j.p.i.JtaPlatformInitiator       : HHH000490: Using JtaPlatform implementation: [org.hibernate.engine.transaction.jta.platform.internal.NoJtaPlatform]
2020-05-19 15:01:02.716  INFO 39389 --- [    Test worker] j.LocalContainerEntityManagerFactoryBean : Initialized JPA EntityManagerFactory for persistence unit 'default'
2020-05-19 15:01:03.307  WARN 39389 --- [    Test worker] JpaBaseConfiguration$JpaWebConfiguration : spring.jpa.open-in-view is enabled by default. Therefore, database queries may be performed during view rendering. Explicitly configure spring.jpa.open-in-view to disable this warning
2020-05-19 15:01:03.399  INFO 39389 --- [    Test worker] o.s.s.concurrent.ThreadPoolTaskExecutor  : Initializing ExecutorService 'applicationTaskExecutor'
2020-05-19 15:01:03.596  INFO 39389 --- [    Test worker] c.s.eatgo.EatgoAdminApplicationTests     : Started EatgoAdminApplicationTests in 2.782 seconds (JVM running for 9.101)
]]></system-out>
  <system-err><![CDATA[]]></system-err>
</testsuite>
