<?xml version="1.0" encoding="UTF-8"?>
<testsuite name="com.sskim.eatgo.EatgoAdminApplicationTests" tests="1" skipped="0" failures="0" errors="0" timestamp="2020-05-20T01:03:57" hostname="aaronkssui-MacBook-Pro.local" time="0.012">
  <properties/>
  <testcase name="contextLoads()" classname="com.sskim.eatgo.EatgoAdminApplicationTests" time="0.012"/>
  <system-out><![CDATA[2020-05-20 10:03:54.583  INFO 10871 --- [    Test worker] .b.t.c.SpringBootTestContextBootstrapper : Neither @ContextConfiguration nor @ContextHierarchy found for test class [com.sskim.eatgo.EatgoAdminApplicationTests], using SpringBootContextLoader
2020-05-20 10:03:54.584  INFO 10871 --- [    Test worker] o.s.t.c.support.AbstractContextLoader    : Could not detect default resource locations for test class [com.sskim.eatgo.EatgoAdminApplicationTests]: no resource found for suffixes {-context.xml, Context.groovy}.
2020-05-20 10:03:54.584  INFO 10871 --- [    Test worker] t.c.s.AnnotationConfigContextLoaderUtils : Could not detect default configuration classes for test class [com.sskim.eatgo.EatgoAdminApplicationTests]: EatgoAdminApplicationTests does not declare any static, non-private, non-final, nested classes annotated with @Configuration.
2020-05-20 10:03:54.586  INFO 10871 --- [    Test worker] .b.t.c.SpringBootTestContextBootstrapper : Found @SpringBootConfiguration com.sskim.eatgo.EatgoAdminApplication for test class com.sskim.eatgo.EatgoAdminApplicationTests
2020-05-20 10:03:54.587  INFO 10871 --- [    Test worker] .b.t.c.SpringBootTestContextBootstrapper : Loaded default TestExecutionListener class names from location [META-INF/spring.factories]: [org.springframework.boot.test.autoconfigure.restdocs.RestDocsTestExecutionListener, org.springframework.boot.test.autoconfigure.web.client.MockRestServiceServerResetTestExecutionListener, org.springframework.boot.test.autoconfigure.web.servlet.MockMvcPrintOnlyOnFailureTestExecutionListener, org.springframework.boot.test.autoconfigure.web.servlet.WebDriverTestExecutionListener, org.springframework.boot.test.mock.mockito.MockitoTestExecutionListener, org.springframework.boot.test.mock.mockito.ResetMocksTestExecutionListener, org.springframework.test.context.web.ServletTestExecutionListener, org.springframework.test.context.support.DirtiesContextBeforeModesTestExecutionListener, org.springframework.test.context.support.DependencyInjectionTestExecutionListener, org.springframework.test.context.support.DirtiesContextTestExecutionListener, org.springframework.test.context.transaction.TransactionalTestExecutionListener, org.springframework.test.context.jdbc.SqlScriptsTestExecutionListener, org.springframework.test.context.event.EventPublishingTestExecutionListener]
2020-05-20 10:03:54.588  INFO 10871 --- [    Test worker] .b.t.c.SpringBootTestContextBootstrapper : Using TestExecutionListeners: [org.springframework.test.context.web.ServletTestExecutionListener@6f3ab368, org.springframework.test.context.support.DirtiesContextBeforeModesTestExecutionListener@4726cd7a, org.springframework.boot.test.mock.mockito.MockitoTestExecutionListener@587ad463, org.springframework.boot.test.autoconfigure.SpringBootDependencyInjectionTestExecutionListener@386c0fa2, org.springframework.test.context.support.DirtiesContextTestExecutionListener@2f74a34, org.springframework.test.context.transaction.TransactionalTestExecutionListener@734b0a0d, org.springframework.test.context.jdbc.SqlScriptsTestExecutionListener@7d9c11cb, org.springframework.test.context.event.EventPublishingTestExecutionListener@255510c5, org.springframework.boot.test.autoconfigure.restdocs.RestDocsTestExecutionListener@1dcb48b1, org.springframework.boot.test.autoconfigure.web.client.MockRestServiceServerResetTestExecutionListener@36fb2267, org.springframework.boot.test.autoconfigure.web.servlet.MockMvcPrintOnlyOnFailureTestExecutionListener@2b746f3a, org.springframework.boot.test.autoconfigure.web.servlet.WebDriverTestExecutionListener@26aa81a9, org.springframework.boot.test.mock.mockito.ResetMocksTestExecutionListener@61e3cb0d]

  .   ____          _            __ _ _
 /\\ / ___'_ __ _ _(_)_ __  __ _ \ \ \ \
( ( )\___ | '_ | '_| | '_ \/ _` | \ \ \ \
 \\/  ___)| |_)| | | | | || (_| |  ) ) ) )
  '  |____| .__|_| |_|_| |_\__, | / / / /
 =========|_|==============|___/=/_/_/_/
 :: Spring Boot ::        (v2.2.6.RELEASE)

2020-05-20 10:03:54.603  INFO 10871 --- [    Test worker] c.s.eatgo.EatgoAdminApplicationTests     : Starting EatgoAdminApplicationTests on aaronkssui-MacBook-Pro.local with PID 10871 (started by aaron.kss in /Users/aaron.kss/dev/spring-demo-projects/eatgo/eatgo-admin-api)
2020-05-20 10:03:54.603  INFO 10871 --- [    Test worker] c.s.eatgo.EatgoAdminApplicationTests     : The following profiles are active: test
2020-05-20 10:03:54.775  INFO 10871 --- [    Test worker] .s.d.r.c.RepositoryConfigurationDelegate : Bootstrapping Spring Data JPA repositories in DEFAULT mode.
2020-05-20 10:03:54.836  INFO 10871 --- [    Test worker] .s.d.r.c.RepositoryConfigurationDelegate : Finished Spring Data repository scanning in 53ms. Found 6 JPA repository interfaces.
2020-05-20 10:03:55.109  INFO 10871 --- [    Test worker] o.hibernate.jpa.internal.util.LogHelper  : HHH000204: Processing PersistenceUnitInfo [name: default]
2020-05-20 10:03:55.166  INFO 10871 --- [    Test worker] org.hibernate.Version                    : HHH000412: Hibernate ORM core version 5.4.12.Final
2020-05-20 10:03:55.198  INFO 10871 --- [    Test worker] o.hibernate.annotations.common.Version   : HCANN000001: Hibernate Commons Annotations {5.1.0.Final}
2020-05-20 10:03:55.284  INFO 10871 --- [    Test worker] com.zaxxer.hikari.HikariDataSource       : HikariPool-1 - Starting...
2020-05-20 10:03:55.459  INFO 10871 --- [    Test worker] com.zaxxer.hikari.HikariDataSource       : HikariPool-1 - Start completed.
2020-05-20 10:03:55.483  INFO 10871 --- [    Test worker] org.hibernate.dialect.Dialect            : HHH000400: Using dialect: org.hibernate.dialect.H2Dialect
2020-05-20 10:03:56.117  INFO 10871 --- [    Test worker] o.h.e.t.j.p.i.JtaPlatformInitiator       : HHH000490: Using JtaPlatform implementation: [org.hibernate.engine.transaction.jta.platform.internal.NoJtaPlatform]
2020-05-20 10:03:56.123  INFO 10871 --- [    Test worker] j.LocalContainerEntityManagerFactoryBean : Initialized JPA EntityManagerFactory for persistence unit 'default'
2020-05-20 10:03:56.855  INFO 10871 --- [    Test worker] o.s.s.concurrent.ThreadPoolTaskExecutor  : Initializing ExecutorService 'applicationTaskExecutor'
2020-05-20 10:03:57.041  INFO 10871 --- [    Test worker] c.s.eatgo.EatgoAdminApplicationTests     : Started EatgoAdminApplicationTests in 2.449 seconds (JVM running for 7.321)
]]></system-out>
  <system-err><![CDATA[]]></system-err>
</testsuite>
