<?xml version="1.0" encoding="UTF-8"?>
<testsuite name="com.sskim.eatgo.application.MenuItemServiceTest" tests="2" skipped="0" failures="0" errors="0" timestamp="2020-05-20T01:03:50" hostname="aaronkssui-MacBook-Pro.local" time="0.296">
  <properties/>
  <testcase name="getMenuItems" classname="com.sskim.eatgo.application.MenuItemServiceTest" time="0.291"/>
  <testcase name="bulkUpdate" classname="com.sskim.eatgo.application.MenuItemServiceTest" time="0.005"/>
  <system-out><![CDATA[]]></system-out>
  <system-err><![CDATA[]]></system-err>
</testsuite>
