<?xml version="1.0" encoding="UTF-8"?>
<testsuite name="com.sskim.eatgo.EatgoAdminApplicationTests" tests="1" skipped="0" failures="0" errors="0" timestamp="2020-05-14T06:43:10" hostname="aaronkssui-MacBook-Pro.local" time="0.011">
  <properties/>
  <testcase name="contextLoads()" classname="com.sskim.eatgo.EatgoAdminApplicationTests" time="0.011"/>
  <system-out><![CDATA[2020-05-14 15:43:08.480  INFO 51045 --- [    Test worker] .b.t.c.SpringBootTestContextBootstrapper : Neither @ContextConfiguration nor @ContextHierarchy found for test class [com.sskim.eatgo.EatgoAdminApplicationTests], using SpringBootContextLoader
2020-05-14 15:43:08.481  INFO 51045 --- [    Test worker] o.s.t.c.support.AbstractContextLoader    : Could not detect default resource locations for test class [com.sskim.eatgo.EatgoAdminApplicationTests]: no resource found for suffixes {-context.xml, Context.groovy}.
2020-05-14 15:43:08.481  INFO 51045 --- [    Test worker] t.c.s.AnnotationConfigContextLoaderUtils : Could not detect default configuration classes for test class [com.sskim.eatgo.EatgoAdminApplicationTests]: EatgoAdminApplicationTests does not declare any static, non-private, non-final, nested classes annotated with @Configuration.
2020-05-14 15:43:08.483  INFO 51045 --- [    Test worker] .b.t.c.SpringBootTestContextBootstrapper : Found @SpringBootConfiguration com.sskim.eatgo.EatgoAdminApplication for test class com.sskim.eatgo.EatgoAdminApplicationTests
2020-05-14 15:43:08.485  INFO 51045 --- [    Test worker] .b.t.c.SpringBootTestContextBootstrapper : Loaded default TestExecutionListener class names from location [META-INF/spring.factories]: [org.springframework.boot.test.autoconfigure.restdocs.RestDocsTestExecutionListener, org.springframework.boot.test.autoconfigure.web.client.MockRestServiceServerResetTestExecutionListener, org.springframework.boot.test.autoconfigure.web.servlet.MockMvcPrintOnlyOnFailureTestExecutionListener, org.springframework.boot.test.autoconfigure.web.servlet.WebDriverTestExecutionListener, org.springframework.boot.test.mock.mockito.MockitoTestExecutionListener, org.springframework.boot.test.mock.mockito.ResetMocksTestExecutionListener, org.springframework.test.context.web.ServletTestExecutionListener, org.springframework.test.context.support.DirtiesContextBeforeModesTestExecutionListener, org.springframework.test.context.support.DependencyInjectionTestExecutionListener, org.springframework.test.context.support.DirtiesContextTestExecutionListener, org.springframework.test.context.transaction.TransactionalTestExecutionListener, org.springframework.test.context.jdbc.SqlScriptsTestExecutionListener, org.springframework.test.context.event.EventPublishingTestExecutionListener]
2020-05-14 15:43:08.485  INFO 51045 --- [    Test worker] .b.t.c.SpringBootTestContextBootstrapper : Using TestExecutionListeners: [org.springframework.test.context.web.ServletTestExecutionListener@3f91a811, org.springframework.test.context.support.DirtiesContextBeforeModesTestExecutionListener@5e24d527, org.springframework.boot.test.mock.mockito.MockitoTestExecutionListener@50be8a1, org.springframework.boot.test.autoconfigure.SpringBootDependencyInjectionTestExecutionListener@50537d69, org.springframework.test.context.support.DirtiesContextTestExecutionListener@62b08652, org.springframework.test.context.transaction.TransactionalTestExecutionListener@1a45eace, org.springframework.test.context.jdbc.SqlScriptsTestExecutionListener@40d147c7, org.springframework.test.context.event.EventPublishingTestExecutionListener@ba2d281, org.springframework.boot.test.autoconfigure.restdocs.RestDocsTestExecutionListener@6dc647b1, org.springframework.boot.test.autoconfigure.web.client.MockRestServiceServerResetTestExecutionListener@58e0d35d, org.springframework.boot.test.autoconfigure.web.servlet.MockMvcPrintOnlyOnFailureTestExecutionListener@124558f9, org.springframework.boot.test.autoconfigure.web.servlet.WebDriverTestExecutionListener@f6ea6ea, org.springframework.boot.test.mock.mockito.ResetMocksTestExecutionListener@504a8379]

  .   ____          _            __ _ _
 /\\ / ___'_ __ _ _(_)_ __  __ _ \ \ \ \
( ( )\___ | '_ | '_| | '_ \/ _` | \ \ \ \
 \\/  ___)| |_)| | | | | || (_| |  ) ) ) )
  '  |____| .__|_| |_|_| |_\__, | / / / /
 =========|_|==============|___/=/_/_/_/
 :: Spring Boot ::        (v2.2.6.RELEASE)

2020-05-14 15:43:08.505  INFO 51045 --- [    Test worker] c.s.eatgo.EatgoAdminApplicationTests     : Starting EatgoAdminApplicationTests on aaronkssui-MacBook-Pro.local with PID 51045 (started by aaron.kss in /Users/aaron.kss/dev/spring-demo-projects/eatgo/eatgo-admin-api)
2020-05-14 15:43:08.505  INFO 51045 --- [    Test worker] c.s.eatgo.EatgoAdminApplicationTests     : The following profiles are active: test
2020-05-14 15:43:08.684  INFO 51045 --- [    Test worker] .s.d.r.c.RepositoryConfigurationDelegate : Bootstrapping Spring Data JPA repositories in DEFAULT mode.
2020-05-14 15:43:08.730  INFO 51045 --- [    Test worker] .s.d.r.c.RepositoryConfigurationDelegate : Finished Spring Data repository scanning in 38ms. Found 5 JPA repository interfaces.
2020-05-14 15:43:08.978  INFO 51045 --- [    Test worker] o.hibernate.jpa.internal.util.LogHelper  : HHH000204: Processing PersistenceUnitInfo [name: default]
2020-05-14 15:43:09.039  INFO 51045 --- [    Test worker] org.hibernate.Version                    : HHH000412: Hibernate ORM core version 5.4.12.Final
2020-05-14 15:43:09.075  INFO 51045 --- [    Test worker] o.hibernate.annotations.common.Version   : HCANN000001: Hibernate Commons Annotations {5.1.0.Final}
2020-05-14 15:43:09.174  INFO 51045 --- [    Test worker] com.zaxxer.hikari.HikariDataSource       : HikariPool-1 - Starting...
2020-05-14 15:43:09.371  INFO 51045 --- [    Test worker] com.zaxxer.hikari.HikariDataSource       : HikariPool-1 - Start completed.
2020-05-14 15:43:09.398  INFO 51045 --- [    Test worker] org.hibernate.dialect.Dialect            : HHH000400: Using dialect: org.hibernate.dialect.H2Dialect
2020-05-14 15:43:10.109  INFO 51045 --- [    Test worker] o.h.e.t.j.p.i.JtaPlatformInitiator       : HHH000490: Using JtaPlatform implementation: [org.hibernate.engine.transaction.jta.platform.internal.NoJtaPlatform]
2020-05-14 15:43:10.116  INFO 51045 --- [    Test worker] j.LocalContainerEntityManagerFactoryBean : Initialized JPA EntityManagerFactory for persistence unit 'default'
2020-05-14 15:43:10.605  WARN 51045 --- [    Test worker] JpaBaseConfiguration$JpaWebConfiguration : spring.jpa.open-in-view is enabled by default. Therefore, database queries may be performed during view rendering. Explicitly configure spring.jpa.open-in-view to disable this warning
2020-05-14 15:43:10.687  INFO 51045 --- [    Test worker] o.s.s.concurrent.ThreadPoolTaskExecutor  : Initializing ExecutorService 'applicationTaskExecutor'
2020-05-14 15:43:10.879  INFO 51045 --- [    Test worker] c.s.eatgo.EatgoAdminApplicationTests     : Started EatgoAdminApplicationTests in 2.387 seconds (JVM running for 7.17)
]]></system-out>
  <system-err><![CDATA[]]></system-err>
</testsuite>
